1 283
9 41 99 203 227 204 268 243 31 1
3 61 10 93
1 89
3 80 113 195
2 179 152
2 101 183
4 286 157 27 151
2 65 275
3 216 270 278
4 284 73 248 250
1 161
1 226
6 296 102 25 120 52 175
4 72 62 163 145
2 131 186
1 112
4 180 218 281 192
6 18 64 199 69 169 132
2 209 265
3 42 115 247
3 122 50 197
2 271 291
1 259
5 193 105 96 235 154
2 298 142
4 168 85 87 249
3 150 107 263
7 234 108 184 230 109 90 12
4 164 212 127 287
3 236 16 208
1 156
2 222 181
2 54 146
4 75 188 191 139
4 162 13 215 47
6 221 137 83 5 9 77
5 33 198 79 233 123
4 4 8 57 45
1 242
1 257
3 237 100 94
7 285 21 28 22 182 262 143
2 245 98
2 103 288
3 239 121 231
1 213
3 258 140 178
3 177 124 59
3 294 290 256
4 225 40 97 46
5 187 217 253 160 269
2 53 32
5 200 104 194 211 274
3 95 214 207
3 7 24 14
3 246 228 37
6 34 38 29 138 238 66
1 110
2 254 2
4 261 39 81 55
3 136 86 48
1 293
3 74 171 240
1 272
4 91 172 68 78
2 36 202
2 111 206
1 223
3 277 252 135
4 220 205 106 165
3 70 255 84
4 92 19 289 229
4 60 266 153 149
2 273 189
2 232 185
7 0 88 133 26 3 51 130
1 282
2 276 201
6 134 224 295 114 147 118
4 210 11 20 30
3 117 67 251
3 148 159 260
3 219 35 264
6 125 267 44 129 82 43
1 126
6 299 15 241 76 17 173
2 196 297
2 58 128
2 116 23
1 292
2 141 176
1 49
2 244 155
3 167 71 279
4 56 166 158 6
1 170
2 144 119
1 63
3 174 190 280
