32 9166 1804 6420 6922 3921 7382 2997 9394 3669 7933 1862 3429 9822 2565 3754 7221 30 1539 1819 4777 7798 331 2149 2069 1285 4604 3488 7977 9169 2821 8374 9227
28 5299 7957 2166 6454 7883 7477 3451 8220 2314 286 8366 1199 5042 1037 1921 9225 17 3010 9572 1765 5826 3726 3720 8418 1437 8333 2259 1923
21 7347 2718 6749 8155 1891 6793 3285 953 8767 1283 6712 7615 4232 3142 3395 7299 9756 1467 3529 327 9172
30 1227 7180 1630 6155 4246 1529 5838 4371 4266 3182 9231 5911 9706 6042 2231 6823 9686 5271 8077 3577 4817 1498 7244 8466 5338 5641 5055 2698 263 3755
20 8204 6039 9246 4200 6804 8791 454 6885 6059 3233 8107 7886 7551 5722 4322 8727 401 9993 3218 3586
22 4661 5699 9135 3338 5701 7837 8801 4114 8027 1753 4276 8221 2257 5509 8497 6302 5617 5596 4844 6533 3064 2818
20 6896 3648 6579 485 7207 9230 4368 6030 3074 1477 2102 7201 7942 2811 1607 652 2807 6635 6127 7937
21 2576 3564 4511 6304 718 7152 775 3122 1235 6829 4715 1567 7328 787 588 1070 2446 438 8082 7035 4778
24 6456 7911 6856 8219 4027 9234 7453 6930 2248 2882 8976 7106 8969 1183 3001 7332 504 1801 5439 2170 3113 4140 8582 8131
34 1757 8292 1815 2230 4233 483 7203 3468 4593 8956 6905 7383 8963 9361 866 3213 4471 5391 996 654 7031 5327 7450 2747 6445 1728 5348 5839 251 3690 5891 3032 9573 9472
24 6634 1627 8176 4063 7762 1779 7903 9623 8883 7999 6977 8283 7632 3355 4548 4465 8794 4599 143 4864 6796 6368 9280 2280
20 4066 3208 1421 9549 2781 7010 6491 1203 5134 6211 1591 4190 3413 9548 4974 7420 505 9050 4814 971
23 3156 7005 2233 4207 2105 5982 5169 5073 543 4591 3902 2189 5166 250 2350 25 2483 8859 6236 341 7722 1403 4731
24 549 7891 9789 8871 857 3007 947 6824 9418 8692 9955 7505 34 5738 305 7168 743 2650 3479 6760 3941 2625 3638 8080
16 7429 6961 4980 4245 6119 9062 3986 2874 6730 7552 5498 1083 1616 1927 2070 5108
20 4494 3403 7150 7697 6571 7100 2308 589 4025 4165 3309 5450 4542 4010 2833 9711 4554 9970 7404 5672
26 5222 5858 3758 41 3108 3199 8151 2515 5915 7078 9221 8212 1395 1435 9616 2619 7452 5469 2310 5580 9861 763 7026 3229 5629 1343
30 9449 8029 4387 6658 8351 1997 7337 5674 8214 1220 193 3963 7842 5314 3145 3241 7904 8343 1277 3360 6637 9471 4370 647 1975 5277 2674 6355 2734 9700
29 2720 9550 113 5021 4449 5105 7488 9143 9322 5999 9043 4590 9643 2994 4970 5975 185 2871 4501 8732 879 4129 1279 4077 4697 2224 2610 6191 9916
29 2327 4208 1030 2783 7602 3795 2732 9242 6066 2095 1198 6301 1612 754 5582 399 7178 9205 3625 2197 155 6923 9211 9253 5447 9426 8919 937 6073
20 1883 8088 6316 9475 5437 2909 1402 6517 943 8335 3827 8753 7233 7199 6781 860 7885 2554 7215 2203
33 8271 842 2422 9657 4372 5228 161 7068 5014 4561 8326 6240 774 1499 495 4442 5729 6264 8006 8286 2655 7470 4949 1484 6435 2764 4337 3095 6981 1892 2090 8123 1020
23 1674 4228 5050 6677 509 8826 2284 7206 3511 7619 4572 9059 7667 4671 5153 265 1903 176 6788 7165 1180 5046 5543
17 2041 4636 106 2558 2220 4353 2614 5191 9174 6071 5781 4861 5845 1586 3887 9569 8847
27 7000 7196 4869 8796 992 6705 422 9033 9276 4236 1715 6858 9798 4000 414 8729 2617 8405 5085 9519 6092 7317 9147 7297 7951 1019 1038
19 4761 5686 3539 6305 9833 252 8296 1800 670 1029 1832 6145 6935 9343 2962 1497 1544 5939 1378
22 1512 5213 9306 2044 9357 2075 9911 5101 3874 4456 6862 6629 6308 3484 3061 7272 6980 9932 7603 3641 4641 8171
35 4742 8055 2006 4170 1995 3947 9805 326 318 4826 1503 1346 5952 1211 6218 4314 8550 9658 3011 243 9704 1989 4333 604 1917 460 49 8341 89 1585 5563 4393 9146 7235 7789
27 8370 1206 5602 4555 9429 403 8970 6907 7569 7075 7909 5864 405 6655 8954 1224 4936 1916 5936 8472 785 4061 1581 6151 5900 1009 5723
23 6916 2711 378 4344 5579 967 9652 5302 1590 1555 5080 8360 5231 4926 269 9875 1158 5923 707 7131 6113 4319 247
31 2774 3321 2681 4585 5124 9655 147 3798 4111 3123 1047 2175 9112 8197 9748 9395 1769 605 3151 2232 6524 9529 3889 1445 2588 8139 7953 6717 3224 8424 2691
26 3697 7210 9255 1518 5816 6413 2573 1166 2417 1538 7706 5339 8975 226 2484 3023 2058 5223 8409 9905 1490 1059 3003 2767 2677 2773
28 6485 8932 1593 3976 9320 8766 2333 4481 7924 3851 6868 2040 15 9287 3454 7266 3267 8166 9239 2215 8592 7518 4707 3240 4922 5290 1939 3021
30 568 9283 7329 8435 8629 640 4613 2442 3270 5656 66 3524 3165 9823 1464 2808 3714 8108 2978 2939 5502 7978 3560 3927 6720 9982 4726 5846 5652 3097
22 3197 511 6344 6808 6684 3269 1911 2737 3992 5140 5349 5687 8558 2750 6354 9777 2435 3486 6448 1295 7311 587
19 7435 6493 8073 9289 2140 7282 3952 8798 1317 5083 4044 4093 7179 3283 1165 3599 2879 4700 5174
23 3696 2559 5721 8979 8462 4119 81 5268 7440 6363 6996 2186 4097 3423 7127 7485 4288 7660 5928 5096 8454 2185 136
26 311 1978 2132 9680 266 146 5907 1501 5908 9718 2793 2381 6382 2097 7852 2127 4961 7218 3219 1173 7251 9434 4905 5159 6210 7713
28 1852 3910 4493 2937 8806 4872 2602 4776 9082 7830 776 5340 3292 8470 5969 5419 8234 9047 5119 2890 5938 1661 925 9443 9854 5791 6621 4723
23 157 5649 6265 1557 2585 97 1302 9248 8664 7415 991 5259 4805 7520 6086 727 9699 4325 6899 1928 2353 6664 805
28 3869 7475 3826 5856 5757 7693 461 7503 2444 5005 7651 8593 6583 7018 6714 870 3342 8330 4573 1107 324 6449 6959 6258 5821 9860 9304 3880
32 5497 4644 2436 8447 9586 3105 2967 6729 6398 5375 1441 4441 1428 2373 9939 1187 3481 4748 1457 5288 1925 6362 3164 5574 2005 2865 3898 667 7814 3718 6246 6881
27 8890 1550 6615 4713 6832 8800 249 2547 7045 4646 8852 7396 8443 192 7367 9535 6761 9606 9243 9439 6311 3797 4220 6433 2134 8019 6439
27 9267 697 210 5511 6570 2368 2753 7761 9027 355 1782 2242 2365 7932 4362 5505 6671 8315 6095 9057 3995 2593 3041 8948 7391 2449 2169
22 4781 2835 8598 2137 8361 7582 3917 5611 609 2038 2387 1713 9399 4427 5752 9217 1379 9210 807 9095 4127 7467
27 1273 8102 4495 6123 2216 98 32 8854 6484 9186 2260 1710 1781 9355 6187 3016 309 6525 9007 6285 6317 5735 240 8897 2289 4490 9938
24 4437 4409 832 3760 876 7014 6848 9001 592 8544 8576 974 9416 7541 888 5084 3822 9973 9066 1284 6209 8877 4886 8535
17 6529 7864 9457 1496 9156 4031 9397 467 322 1750 8347 2965 6688 1039 4766 432 2329
26 1138 7561 3579 874 6076 9171 3314 5201 894 1130 4312 6513 6897 534 5525 7543 1124 2517 4271 6890 8467 5252 2458 188 4741 3836
29 1563 6361 3773 206 8573 5295 1908 5477 1565 9641 4113 1532 2234 3722 3977 7062 5715 6105 6556 8115 2413 824 4505 9598 7835 4275 9887 2592 5718
21 5082 377 1840 490 7701 7090 6281 5292 7531 5274 7720 4051 5266 8256 7059 4422 5812 1663 5296 5798 5455
25 1372 3614 6021 4410 8653 8940 7193 6647 7276 9377 7194 6699 6375 8903 9072 510 1671 9903 6972 5013 9600 2490 5688 3347 7223
23 7230 6741 2036 7442 1331 4270 4278 9346 4147 959 6036 6406 2715 1073 1471 8280 3059 264 3937 9615 9873 148 2608
17 2920 3596 5636 1553 2209 462 2054 7080 5386 2631 684 3109 1112 3745 8910 5446 906
29 4094 3090 5343 9974 1233 9819 6261 2108 9741 4167 1774 5780 3316 7879 3065 5168 8200 2088 9342 5397 2792 5264 7348 2823 9484 3400 4962 2840 8556
26 5885 3103 1489 2171 3623 1595 1429 2907 272 7620 4033 8755 614 9880 5233 5002 7385 8162 1238 9041 6100 8479 8929 6819 795 9326
31 606 3371 9636 1200 8348 7118 353 9952 1475 2556 9133 8953 2893 6201 4840 5872 7570 7402 5052 3353 1650 7322 4932 7571 6017 4983 4458 3390 5342 2138 2964
28 6110 8376 4024 1902 7019 9328 2468 8136 7587 9302 9758 4565 7273 450 6054 9102 5905 5203 9034 1764 6074 3868 7803 7888 7611 2253 2679 1254
18 8758 166 306 9738 2121 7873 8746 1416 8390 4801 75 6395 6330 3944 4392 791 2298 5254
21 2912 583 3972 1845 6512 1494 8257 2898 6106 8345 613 3027 4732 1375 3198 3427 1987 8404 5616 1701 3969
27 8962 9187 481 1508 6818 9116 2033 6762 4006 4617 6319 2461 8270 2389 6347 9437 3383 323 6673 2339 5814 8684 1195 9024 430 5857 6288
30 8557 9649 7104 3989 7097 7683 1460 2663 6173 8652 8687 6898 8551 4038 2945 3973 7189 5071 8015 3955 3943 9204 3348 7850 5960 1219 669 1576 6405 7441
23 2899 1635 4196 2566 5017 826 6946 578 1943 6925 3782 2272 1042 8304 7708 6666 625 1157 3653 4363 7946 4976 759
27 6404 4836 8157 1634 7685 7915 4159 2760 8229 1603 501 2694 1071 2109 5313 1034 3521 6895 3886 4728 8090 8879 6322 5931 5265 9796 7093
17 2825 2635 6967 8237 7872 5959 122 6773 2768 8065 5403 270 3131 1231 13 5361 3860
23 1353 4537 3839 9408 7143 4584 9362 6165 1383 9150 9917 2445 6332 5870 4152 3244 7247 158 2427 345 7324 3349 2819
26 6689 5381 7088 2305 8133 1777 2930 1256 7445 4939 7334 6085 4651 7220 2805 968 4336 3801 1360 6535 9048 9309 792 7374 690 7537
26 7928 5892 830 9450 5352 3843 352 6178 5250 6743 3277 3470 517 8359 1351 4001 3382 1196 4361 8964 7544 869 5443 4339 9014 7586
25 1776 8950 5818 35 4250 3966 1733 6480 2386 2505 6659 6865 9508 1027 1253 8438 9153 9730 3004 7970 4022 5432 7481 3825 2755
21 6466 7455 6752 9382 3906 671 8353 4256 8324 9964 8148 6391 4394 8475 5220 748 9096 8756 407 1280 479
29 5445 9888 7129 4297 2352 9537 4913 3729 1785 4924 8150 4472 492 6540 2093 5639 1449 5633 3587 5315 87 5989 3728 8611 5467 3084 911 8657 1356
28 3629 4214 3068 3603 7243 2059 942 9809 1912 9268 4068 7422 2139 5785 6874 3299 7646 1035 5796 6860 5346 6553 6050 3837 755 9703 6242 4790
24 8587 5516 6409 2167 5158 1201 7901 5457 4499 2154 4473 4851 153 1654 7982 5022 5319 6732 9124 6153 2730 1452 9646 7393
22 6418 658 4011 9071 8780 7516 8103 8649 9224 2584 160 5987 4527 620 4294 8180 2136 9540 8044 1210 7460 8921
27 5808 3047 2654 3958 1537 7643 8987 6103 4104 2829 2205 5061 9480 6289 96 4439 1548 8392 3706 8032 1878 8861 7184 2157 7228 3687 2627
27 445 8406 6307 3512 7086 9314 7174 5503 9037 387 3127 8261 7016 5548 5463 2542 6687 3815 1556 6534 1751 7489 702 1074 3255 7601 9476
34 219 1113 2963 3024 7249 8637 4756 374 5702 883 4871 5452 2122 7370 6642 9240 3846 8750 8068 9318 7486 5483 2752 4577 1153 5129 1739 5489 1698 1658 1809 4785 5474 9532
29 1888 5716 7849 1013 1797 895 6280 7746 1589 2541 9941 8049 2087 6001 6464 4254 1744 6084 4183 7902 6889 2624 3814 5972 4519 1731 4145 2049 2658
31 9752 2429 328 873 1994 1723 6842 5719 7277 9524 3398 5012 2377 2875 6443 5163 434 8725 4746 686 7352 4694 2496 1162 555 9339 5644 6834 9120 56 9097
33 3607 7468 9137 5572 6068 9556 332 9464 5662 5091 7309 5553 3099 5219 6596 1012 6171 6325 5181 1811 6371 6623 1858 7841 1126 2188 99 6496 5077 9196 302 3853 3724
29 4855 7637 523 5794 3045 5986 473 7353 3756 1011 5522 745 760 8972 8231 8754 2932 165 3581 9803 6419 8894 3876 6046 8046 60 6598 3652 1558
27 8586 3384 4673 3875 6474 175 6657 3465 4397 6223 2024 7351 8738 4036 3794 9032 8408 725 522 7213 6701 7540 2196 8371 3611 2926 9677
25 3817 2316 8323 499 3129 6536 9104 8856 777 9574 9163 4620 2398 449 6324 6564 8474 3456 5800 7359 1665 259 5758 7772 3386
19 6541 6338 348 2473 8273 921 2673 1875 6785 7962 359 7482 3932 4179 9953 307 5248 144 4103
24 8670 7064 5214 9440 6437 5768 8601 6572 5827 9853 4835 884 2342 5643 4576 3100 5578 9200 4994 4769 8468 6250 535 2922
27 2520 1208 7876 5756 8989 8504 6272 8542 6562 7726 8799 6820 2955 9630 3013 5607 3361 1856 426 5549 2182 7621 3698 3274 5811 1290 4047
32 8640 1794 8254 1843 4558 4938 2981 2696 9836 5116 5764 5879 1561 310 5317 7630 1988 9848 1050 877 3391 4345 9957 7815 4650 5215 2476 236 8716 1935 898 8430
32 5089 2642 3411 2425 7479 8245 244 8560 636 1297 3463 1396 8745 1078 5778 201 7616 521 8461 5194 9618 3668 3678 630 3302 4743 308 1118 5581 6112 2271 3883
25 3988 1784 5890 7172 4709 120 5045 6630 7466 6866 8872 356 1289 9233 7661 4102 9966 1596 7844 4868 7023 642 7989 9307 2609
13 677 9492 3949 7342 9232 4121 7944 3674 4004 7060 3882 4226 6152
30 9140 5743 6377 3263 1729 1667 3112 3117 2984 8820 1791 5411 936 6728 5385 9716 5600 6122 3686 6855 6686 8362 1707 773 9040 4313 9340 2161 1207 4292
22 9951 7847 2817 1880 6197 8239 7341 3139 7419 4210 6320 5863 9991 4822 9745 6275 4860 8386 2643 4998 7281 8612
24 2384 5341 6269 7690 4704 930 8843 1420 2765 6891 1094 701 2555 4740 4222 5671 2743 1127 246 31 3945 8091 6546 8327
21 7314 3054 4989 7843 8533 3799 8650 7560 2159 3660 5877 6543 2494 9663 8771 548 5297 7696 1600 8572 9850
34 3149 1734 7768 965 5957 1272 7246 6426 8645 8510 1643 3211 5901 7796 3593 9671 7871 1789 8930 5363 1742 3303 4402 3020 8949 8893 4390 7618 2113 9507 8372 6364 5790 8527
24 9256 61 6952 8426 5189 9625 8094 4623 7613 1259 6910 8416 6963 3556 1229 2311 5793 4762 9515 2003 7771 3217 1139 7825
27 303 9393 8020 922 1281 1613 5837 1745 2415 2366 6680 6619 5464 8291 3222 8512 1572 9425 3336 9161 3933 6417 6323 1680 662 6266 5876
23 7116 7975 7434 1491 982 7034 6251 8595 3157 8023 819 2141 7788 385 7327 8427 9762 5354 6099 1788 1482 3715 7964
20 945 7994 529 2857 1509 4798 5193 6121 1045 5558 28 6286 8922 5947 9551 2131 3143 108 2200 6492
21 8708 4475 8965 3082 8804 4227 7971 8505 9298 9038 9919 5364 8528 3695 2628 9775 6876 2221 8083 8057 5020
20 1874 4411 2577 6078 7171 4828 3735 2142 80 1033 6554 6230 9404 834 8849 7395 6627 8641 4160 2276
27 3253 9913 902 8795 4854 3290 7457 5100 6179 1292 9363 6928 2183 2549 6626 2826 1574 4380 1184 5162 7268 5894 1579 3838 7824 7161 3346
27 1833 5304 9020 1332 1773 6168 3865 9628 3502 2799 7636 7344 6882 6757 4343 7645 3689 1818 1796 682 9488 3888 205 5542 4896 6693 4823
29 849 7840 1352 9165 867 6544 4089 8164 5441 6120 65 4128 6581 112 5019 963 4082 4438 496 6351 7767 5142 6508 804 2014 8114 4580 3533 7996
25 19 457 1363 6951 8588 7686 753 6985 8955 6402 8412 4744 4477 5009 8988 4747 6415 4626 7797 9946 9201 7655 788 7863 6148
27 4071 6558 3510 199 989 9064 9100 1079 9364 5526 5451 9992 7857 9694 4317 7566 3536 1132 1678 7443 6577 418 6792 5207 9260 6035 6585
19 3457 5746 5535 6293 152 8097 6888 8590 6116 9269 4529 8357 4416 8515 8866 8216 926 8332 3723
23 2465 3358 6877 1640 8823 5642 2665 3793 3752 3907 8621 9194 6504 2876 813 3431 1545 5831 6958 7476 7350 1115 4311
20 5948 2106 3991 135 9837 9687 4301 4406 8289 6447 2850 9162 1451 1056 1507 5399 6665 325 7036 8543
36 1335 1005 9979 9733 7612 9633 9804 5766 2164 2246 2052 9479 7205 8688 5801 9421 3753 8748 9542 7507 2756 261 6205 7285 5183 2832 9728 3301 4609 3063 5834 5657 4791 3780 8770 2441
25 190 6356 611 141 6893 2667 4858 4594 8760 2089 8307 8431 4663 9335 3352 1502 3700 7200 2987 7181 7487 5423 6685 4820 7818
23 3307 9852 2495 9944 8521 9681 4503 2110 527 6565 116 2405 6660 2265 2579 4304 9279 446 9058 3604 5647 7459 2243
26 4948 8803 856 9557 5107 4887 6313 2291 9195 397 2548 7949 11 5226 6025 4258 2004 1151 4640 8066 5932 2491 3681 3781 6721 8154
29 622 3527 2297 9996 6159 3739 6503 2919 8860 560 5405 2810 4515 5092 6810 8129 6604 1670 8829 5175 2150 5906 569 2071 653 8005 3835 410 2848
17 1651 3073 1830 5815 7777 9526 3905 8659 1264 304 9594 814 4436 9308 7390 6950 6795
25 6843 4833 5955 4141 4396 2568 9219 8624 4562 4009 528 2177 7291 5840 9235 5997 8340 1174 1018 5121 9601 3415 8891 4506 4432
28 5626 3936 7411 2011 1415 105 7778 2477 6156 5099 21 9085 7021 78 3351 9148 2712 8402 8241 8215 1890 8208 2637 5044 1847 9494 7123 5714
22 3647 7198 9815 4107 8530 8998 9073 2065 4263 8516 8584 1965 9389 6545 3639 179 931 3183 3037 1881 3543 4695
23 3655 3786 633 1294 8973 156 1188 3776 1140 2644 1740 9899 1996 1957 7139 5236 3676 5533 6782 796 9558 1418 3994
25 9976 6115 448 9575 2660 4541 4981 8775 8906 7718 9183 2996 8165 6990 5132 7012 8828 4991 9750 1076 6723 4508 8249 8433 9770
17 7716 9190 4318 2693 5372 5188 6064 8432 8822 6072 8912 2469 6835 4215 7055 1439 4716
24 2941 817 1090 442 5554 1267 8614 9209 4491 2846 2452 1822 5320 9049 4360 7500 7294 1155 9921 9689 1022 480 6291 7565
21 3717 8995 9858 6082 1193 5394 8764 2710 7521 5357 2226 838 9356 1936 5797 9668 7606 2252 2287 3863 4186
16 802 6703 6825 833 6921 8007 2931 3767 8669 6568 5795 9445 4952 7919 8269 3665
29 5868 9523 400 8967 7406 4035 3721 8379 508 8945 5619 2315 2935 8563 5651 1217 2634 8689 9683 4517 9587 1703 7519 8751 7290 2013 2550 9793 6603
22 3029 1527 7364 1250 4328 6593 7609 2179 4087 2228 4979 887 3006 4386 573 7204 3819 3762 2457 3791 7641 6342
20 4788 277 8410 3453 7988 5951 5070 8864 402 5329 893 8721 357 515 2204 6945 1851 1397 2798 9129
24 4882 92 9381 74 6243 2680 6297 2383 793 4997 7914 5007 8778 1321 45 1401 9173 5438 2481 9525 4447 2709 5555 5459
23 1315 6403 7236 4285 5156 1474 4862 1886 2362 2128 6081 23 7715 7381 4964 134 2214 5418 9528 766 1021 2064 0
21 4150 1177 5777 4629 8300 3434 3278 5909 4012 3877 4489 733 8810 2682 9807 5736 3711 468 5410 8838 3931
28 4601 9090 3540 5006 6186 2653 7134 1942 1725 458 2057 6345 8605 918 5484 3832 8992 556 4513 7053 7495 8934 2830 6096 4611 3520 5817 2463
27 4959 6239 3317 956 9751 8665 6188 1692 1709 8072 350 7712 7823 916 909 2854 1604 547 8813 9055 9688 858 3953 1128 5003 321 3279
22 7399 2856 9182 761 9645 2407 5465 7176 1431 6306 9534 4898 8325 5513 4191 9695 9500 7845 6992 8352 7831 737
29 9847 8731 4583 3138 3329 9562 4544 9678 1355 2884 3675 3981 3751 7793 8830 9779 4982 2903 9431 8889 7670 3642 8053 440 5242 4354 1093 3892 1722
18 88 5192 3471 741 1251 3083 1046 7984 7234 4251 1918 2279 4876 217 5530 4367 9808 5599
24 1135 3051 6048 767 2240 7805 3854 4890 4919 4567 5552 4535 5478 4373 7838 2066 3192 5515 5935 7151 9876 1614 9560 9829
20 315 7346 1873 8071 1762 7745 1197 8928 2534 4060 8153 4237 6628 5930 4655 2001 5316 8275 757 4241
22 1455 5684 5725 9908 2063 3115 1314 8025 2632 5946 4193 7776 8913 8411 3265 2905 7310 9461 4883 3012 1718 3588
26 7993 699 9297 3370 4986 2406 7301 4247 3856 9250 1382 2834 8442 905 5456 6709 6309 5109 5028 1808 4760 9567 6390 1837 9123 7731
21 3257 6498 6927 8882 9846 709 8782 1461 4453 1424 7147 4688 9331 8513 6813 7958 5573 4229 8488 5661 1212
22 5495 7555 2924 9478 8316 4856 4055 928 9894 3912 4234 7124 1409 7304 5200 9414 1144 6770 9986 2376 5230 5720
26 920 2928 1959 9385 119 9735 9263 4248 7750 2144 1065 5575 2351 2236 4478 8002 3272 4216 5454 4462 4162 8538 1287 3987 3500 181
15 245 1752 7222 2580 4457 7094 1214 5118 5624 5095 2564 8834 9648 390 5545
20 7248 2706 5557 7315 6971 9900 6190 1934 4821 4426 7331 4514 7851 8744 4480 5056 6933 5867 2604 2019
27 580 2589 2973 9512 7209 444 4965 544 8494 6708 618 3508 6008 3178 7433 4674 7923 7961 2895 5595 3725 7765 9468 7756 4556 5388 5859
33 8773 2782 3701 9561 9288 5903 847 3621 6746 7501 4787 3750 7594 151 90 293 5512 1932 5805 6249 7333 5706 9603 2723 1759 289 1288 5150 4927 7649 2032 778 6789
24 7929 3608 4635 5562 9130 6133 3940 6698 3326 9284 7081 9300 3483 6180 2030 4175 4708 8117 4530 9910 6844 5623 9936 5855
18 203 297 4467 5650 7278 934 7288 4547 6790 4754 8697 2282 9315 9501 835 7947 2925 4904
26 2507 8189 2791 2784 7117 2896 2551 7614 9541 4993 3406 1786 8317 1666 2858 5190 7 8733 6183 2888 4054 6521 2847 3929 343 4538
21 4536 2123 5049 7628 2178 9604 8909 7048 2557 5519 6578 6028 1044 8267 6411 648 111 436 6576 6158 8594
20 4153 9617 4564 7900 2042 9142 1597 8539 1322 7723 7945 6315 1426 4589 4161 9189 5978 3923 8690 224
28 8477 1609 4255 6450 1054 1218 4326 9490 1854 1719 9170 5590 8776 632 2199 8531 1243 7480 5707 7308 8723 7257 5499 5753 5591 6384 6294 398
26 6160 5480 2261 2245 1102 5234 1835 6601 3439 5679 8266 5534 889 6396 3053 5098 2913 4395 747 4298 5037 8579 3942 4324 3327 794
31 7631 7255 7534 9546 1369 7135 64 1062 4249 4117 8026 808 395 3592 5023 1772 6167 6542 6754 4945 2475 4999 7338 1398 3872 6007 3870 3792 7183 6840 976
30 6670 5466 7666 3602 950 596 3542 39 2320 8667 9226 7998 4523 8067 6339 2947 9185 6530 3684 7258 2111 3806 2146 6768 1798 5337 491 598 5408 8120
19 9325 6255 7373 7444 7562 7691 275 8788 5097 1714 3796 1116 1727 4423 6590 4081 5828 4793 8279
23 6607 2026 5698 5425 9045 4225 601 8609 8695 546 7679 1337 6436 9727 7800 9674 1164 8887 335 2471 2855 5788 8456
25 6822 419 211 9743 4658 9179 5043 380 2661 8401 4290 6043 2522 3412 7656 6555 8643 6646 1258 3226 3934 8092 2474 4320 2227
25 2432 5491 3196 2657 6638 4880 2343 1123 6102 9835 1806 8052 5518 1950 5772 1385 6878 4148 7105 1849 5683 6614 5806 1304 7182
27 7861 109 2788 7102 1252 7811 2640 8028 2467 3845 5171 7125 2567 5851 6267 3926 8623 3823 4015 9261 5488 7084 4672 1086 1419 8001 2508
23 9514 5086 3025 1973 2881 4733 7169 7812 5550 6253 9337 4469 2237 4076 8734 4598 5144 1708 2692 7600 1213 2983 5253
28 6002 2511 2000 415 169 6009 4559 5692 9026 728 5102 1551 4359 1770 3331 8314 4850 9423 7760 5333 960 8994 8100 8683 1052 5825 2880 557
30 381 7211 8615 531 772 6098 2035 6904 3811 4550 7006 736 3772 3959 274 6692 6298 5396 6600 5157 5068 2892 7858 5842 9063 8781 411 4474 8701 4185
17 409 4080 2497 2992 3026 208 2613 8627 5529 2700 7969 6124 68 1969 8735 5865 8941
20 268 1492 8290 6329 9845 3445 9002 5962 202 7363 4407 3125 5066 5745 8499 2970 8982 443 7751 7049
31 9563 7293 8338 2399 1500 8546 6737 5160 9054 6625 6926 4906 5958 4903 456 6282 5696 3704 8045 574 3153 8537 915 7054 8503 8636 4257 1120 4996 3871 9334
29 5018 6649 8783 7687 7471 5359 7662 1684 9341 3190 5995 6138 2729 361 1941 8161 9892 3187 7589 7983 4418 8174 2277 7042 3928 1204 1137 2540 4750
26 4829 5245 7287 7638 2518 5783 8244 2630 7296 9462 5786 740 1953 1446 4201 5823 2824 7157 5325 7426 9502 6018 2853 218 9198 5398
25 5335 7952 3918 533 5374 1168 9817 2412 1067 5610 9667 2938 6378 7650 2414 5655 94 7652 1354 8790 4570 1602 5666 6507 3402
27 9409 6807 29 3667 9316 7884 6438 617 4834 83 1626 4487 9428 6707 8469 7003 923 6010 5676 9051 9257 4780 3727 6019 7813 7017 9117
26 769 1438 4885 100 6248 9433 2345 6873 7538 6846 4950 1690 9821 973 9039 7674 2378 4341 4581 7523 5345 5311 4286 4273 7138 8870
16 1803 726 8309 4482 7665 412 8268 4043 7298 3707 9664 2974 5945 340 1599 3591
24 7877 8566 3396 4930 7037 8895 9734 7462 2844 1783 6833 1145 8565 2943 6847 850 9591 5759 5078 1225 844 3903 5334 3631
14 95 9896 8502 5472 5640 3141 4188 9518 6651 5067 6826 3322 6573 2606
22 6189 666 2293 150 854 951 853 9466 1817 9962 3086 5770 3379 9732 1696 1732 3472 9099 8943 3576 5833 4149
22 8739 3461 3375 6648 5433 2776 9923 4099 3181 6902 8984 7197 912 338 1236 558 6894 8455 5924 6217 5896 4281
23 3990 9412 3490 4366 7256 4628 7120 3761 5247 3072 7782 9870 2336 9605 5164 9786 9723 7678 8837 8625 3260 4157 1055
37 1097 1040 1414 1860 6747 209 7648 7092 5135 3364 9265 9458 7633 4327 9249 9370 6681 2104 9321 6713 7791 1075 7217 2486 5705 7725 9825 3144 5609 5897 3441 9427 3787 2806 6994 840 910
28 8175 3693 5282 5507 5351 2543 4853 1981 7689 4204 5523 3948 692 5379 9376 5929 4825 9083 6863 487 4631 3670 781 1149 5138 1699 8331 5953
31 7108 8848 5112 3601 7684 2388 8033 3085 8620 7654 319 1041 6505 5167 260 8863 9218 2936 2371 6988 8393 3899 6731 5246 602 3126 5390 1805 6650 5179 8163
23 5732 1186 8554 7253 2115 9701 7508 3584 680 7672 1340 8824 2590 1780 6852 8000 9609 2193 6348 2786 3172 7719 4069
42 3855 2313 9406 4648 4455 2074 9631 9696 3475 2323 2751 5853 1325 1338 1790 3691 862 3075 194 9029 8344 3262 5943 997 6174 9914 4289 8720 8047 7855 9855 2918 2860 6606 1617 6700 5685 349 2908 6334 1377 2300
30 5440 7463 864 9666 8747 3325 6652 3493 9496 6751 7483 2633 4985 5308 8264 7735 8141 3939 7175 7675 4334 7240 2222 1156 891 6477 5544 6461 9176 1929
24 497 3477 7604 3505 4773 3231 9299 67 6469 3628 7302 6299 8172 6936 4627 9599 597 5146 5926 9596 1425 1841 8098 6271
30 2735 273 2944 4863 3585 7579 5913 7041 3896 7498 1756 6609 7326 8003 6077 7728 591 3506 8422 9285 2889 4975 1347 7826 6335 2703 6273 7834 7410 8375
26 8459 3104 5240 507 4944 9167 5462 6157 3645 1914 9739 4512 7072 6337 2027 3764 5261 6408 8011 8238 4610 4516 3287 3637 3180 3286
36 8713 364 6202 9634 9795 2119 6279 524 2264 6610 6235 7149 8646 3428 4235 2268 6778 1926 723 7155 2081 5111 3713 9367 2092 5965 1161 9203 3703 1683 131 1234 8717 6943 8043 4133
21 6884 8868 4139 5422 5287 7245 4123 1081 3859 6816 2684 2039 4963 7047 5985 9245 4574 8423 2067 3957 4158
23 567 1910 3366 1104 3765 946 1072 3980 5747 3419 3401 8805 1505 4030 4954 1704 995 7597 2103 6045 7163 5536 5592
19 2942 6475 5668 1189 3685 799 8218 8074 4067 5355 3209 3363 4680 9206 4551 7676 9387 6257 9776
27 6031 3578 8198 4815 2852 9392 4300 3909 9553 121 7763 4106 9583 8437 6940 3828 9293 815 6837 5229 7954 7349 18 828 82 4018 2225
20 5934 541 9030 9890 8194 4888 6987 8807 4340 1339 2354 5802 5414 9069 2521 1060 8278 6481 3335 6060
23 1194 2641 6374 5792 1376 1922 7267 2359 6104 3256 5625 3961 7160 7400 1615 2575 885 9088 2759 2302 101 4041 6870
19 1209 2357 8034 9477 1884 9068 9737 8990 8038 8540 9722 4280 7061 1672 3774 404 1064 1327 8217
19 9901 1407 5954 7554 8368 4685 8383 9824 2364 4810 3788 577 5177 8777 9373 4181 9454 1488 7533
26 6912 7512 1564 2112 3783 6024 6809 4485 5994 8272 1810 5122 9780 8881 6734 5984 3935 983 3318 6937 9713 9760 5884 7938 8363 1247
32 3549 9207 6875 4507 408 4085 6806 7755 4718 4272 3340 2501 8993 3235 3359 786 7839 8233 3563 1089 6690 6232 7242 1241 7144 8752 9580 79 5435 5312 1951 4622
28 2603 892 4602 6407 1859 865 3997 6838 3476 1638 8186 2021 4843 5004 800 8842 1974 1554 1049 1706 5378 706 7688 8142 9642 2594 469 5058
22 4058 9799 6969 4895 5941 2051 5470 8299 9967 812 8246 104 2485 7107 6802 1821 3996 8568 3056 455 6 4338
20 3444 1637 7224 6360 494 4274 5076 7122 5301 9785 1747 2344 1296 6947 471 8181 927 7219 1230 6613
25 6198 8892 8040 565 4050 1106 657 7817 4921 3295 5520 4369 227 5383 9327 5336 9509 2124 2317 3089 3177 899 2985 8980 2509
24 5500 661 3017 1386 9035 1738 8493 6566 1393 7935 1920 1163 9708 8875 9959 7925 4238 7747 2803 2761 140 421 295 1646
19 1100 8784 9254 1111 1143 4677 1096 4874 4915 2995 5980 8201 2666 7780 6278 8908 7801 8884 3857
23 1178 3168 9544 4223 9459 2147 4028 6283 5298 1476 4163 3044 2281 3967 257 5249 3101 5326 7212 5873 8983 8663 8762
29 3654 1528 5748 7922 7096 388 7907 9566 484 4899 5532 2325 3613 4100 6131 3246 6531 6328 570 7828 3911 1526 4151 5178 5750 8452 7568 3562 626
26 6633 3708 9685 7585 9011 674 2969 6726 7626 283 1275 9554 8294 2462 6376 1606 1485 7703 2155 8305 9904 9352 7050 4431 2408 1134
24 2061 6780 5517 4154 655 3050 6710 3802 5713 3829 5208 2713 836 2420 2428 4603 7644 8635 2262 9499 1958 6644 8654 5944
43 2008 8509 3049 4693 2742 2523 3092 5887 7465 1453 9948 4355 2702 9624 4019 5289 9474 698 8126 9006 9983 2722 3341 1876 9407 7990 3893 9080 4621 7528 8567 2010 5165 7295 6929 5531 4466 4303 4901 70 3043 7472 7252
30 3167 3030 9626 6767 9503 7927 6327 1 4415 5632 1117 4892 3547 2084 7773 3242 1901 195 6233 6551 2647 8712 7079 5895 5667 1014 4305 980 3514 3617
14 9511 1685 7494 7438 91 8101 118 2184 6883 9863 1621 7306 4230 9369
31 1066 1121 975 6430 9345 3616 2999 8951 7448 595 300 1620 1787 6864 7624 2 1897 1394 3150 8811 50 6033 7897 681 6611 182 8380 5460 5760 8078 7714
23 1560 4894 8079 6034 5069 4653 8373 384 5670 6463 6617 8997 1850 8656 1682 420 2763 5560 2822 5521 4649 8137 8947
26 372 1664 585 3245 7398 7574 4875 8597 1169 8737 3746 6238 6387 6948 6478 851 1423 8668 5742 6506 1172 1940 7673 8168 3264 3643
27 2424 9595 9487 9925 3680 8110 7680 1946 7259 6983 970 5963 347 1007 2028 3771 6254 5886 9197 2472 5787 1552 2878 2794 9673 1547 5415
25 6694 6044 5744 1588 8285 1863 3435 8243 1392 9838 1736 2740 8009 453 7584 339 4488 9005 6872 7905 1278 7991 6715 1472 8122
34 713 4842 2278 3311 8699 2982 6141 8188 9889 5382 9089 4532 8926 3216 4711 5180 9816 6006 7405 5421 9740 1237 6532 4118 362 8223 9759 7416 7051 2492 5294 6917 5376 9635
27 6663 4984 935 1587 542 7794 7592 3443 1031 4075 8336 9021 1578 1687 9076 2201 3357 3558 4253 1185 4534 9931 3492 383 2421 5434 4568
22 187 7936 7119 6965 1879 5996 2470 908 9731 382 4046 9859 1767 9442 6755 3158 7774 1244 73 7424 3975 7766
23 2571 1605 7704 9164 8485 886 7629 1930 5211 6462 7132 1668 2777 3545 4765 9531 5820 2727 3206 7044 7880 1961 2813
24 8086 7156 9485 9610 8523 8228 177 9177 2107 1004 8159 8661 7807 8284 7340 2500 7371 9865 3897 5755 5673 5871 3015 8008
24 7934 6538 6814 8876 8761 9812 4062 2607 6682 7497 3214 5645 6126 9565 3096 6586 3179 9999 7279 7432 6702 7001 1652 3620
24 222 7141 3891 6004 6455 3200 6213 3377 3009 8549 9212 3630 7786 253 6162 5993 4837 1366 1427 2080 3304 6118 8429 616
21 6228 3281 9105 1986 2537 2790 1967 6038 5479 7153 9958 6214 3504 7126 9417 9942 5404 8925 5047 5293 8414
16 248 4645 6582 4937 6799 9661 2148 4681 3590 7033 1608 9614 7335 590 1293 4124
34 9313 7799 3410 1406 6164 3334 3368 284 656 8421 9928 8686 9228 1799 1944 4470 4675 6880 7077 1411 5117 9278 803 6738 6471 6432 3320 3890 9465 1202 1536 7881 1653 5697
27 2015 1724 5218 6849 8146 7263 3946 1389 4566 7806 6821 8958 5420 8076 3195 4736 1717 7030 6957 4005 2993 9383 1087 6518 7758 1088 3313
31 4839 5025 428 7226 5724 8555 7414 8562 3031 6389 8064 2309 6678 7286 6486 8495 7699 2685 441 198 7591 6791 1816 2701 6549 6500 1063 6440 2877 2210 8022
28 8425 5113 3170 6851 6756 2780 7446 3816 2338 5453 7191 159 1521 2290 4211 1568 1924 7397 5000 5360 9665 2646 6938 14 6817 2886 3107 2659
34 4873 739 839 5120 977 4990 2076 8996 2906 4302 4866 281 6181 5664 3550 8492 1450 8628 9877 4452 500 2447 2545 8356 564 8230 4797 8095 9656 1633 9669 3518 9753 20
22 4525 8736 3430 9078 6871 5603 3079 3356 2062 3873 9111 5614 1036 132 7658 3324 8759 1242 1380 7136 8265 4177
27 6252 6706 3743 6457 720 9144 5593 646 3062 1364 7474 4221 575 4978 634 5217 4612 2202 6310 6516 6489 3922 5883 6944 4531 9638 9906
27 8209 3067 4194 8274 3779 3833 2605 7692 1937 6237 7339 5608 5016 4852 6552 9725 5416 5832 4321 5775 1991 4134 5362 8320 1983 7899 8178
32 9469 4109 482 3557 6000 1365 8378 4356 2989 3561 9000 9651 5852 7848 8704 2380 4448 1108 820 1659 8012 1577 3273 6287 8398 6845 3035 6973 3741 2410 1569 4120
20 4379 2176 6410 3605 2639 233 8968 3624 5537 8591 6130 9902 8757 2255 9582 5634 2307 9336 9918 6494
26 2296 6135 3575 3160 4703 1949 3414 425 3305 5155 9994 1814 5104 3682 8081 2894 9588 367 4545 2629 623 3677 8232 3069 5646 8147
28 8792 5920 4137 6357 3315 4792 821 5782 138 4634 890 2901 2498 216 2596 2213 1857 6539 3738 3523 2223 7784 6051 5604 3850 6997 1300 5586
27 2455 8224 7464 5291 8236 1846 2885 280 1592 6452 7757 3699 8415 6859 6014 738 5195 3344 9895 8041 3034 6472 6592 9997 2326 3185 8700
25 5402 5654 8277 5710 6274 8444 8491 4768 4942 8873 676 7622 5412 8287 3094 3243 1877 1028 3162 1582 6991 4540 4079 729 9765
36 477 8024 6208 435 4720 615 3915 6352 6062 5279 3531 3785 2174 6379 1584 7940 3432 6451 9659 3757 133 1308 6047 386 4549 7195 8010 8247 7025 7071 6369 3040 3252 3106 16 3664
23 7779 6220 1222 6216 3532 6962 1176 2796 4701 8917 806 2611 1167 7032 7590 6787 3634 9093 3804 1540 7742 8490 4951
20 6815 3424 6879 2250 2754 4764 3169 7769 8460 2341 1519 2358 2269 3730 7908 6887 7522 5973 4296 5280
27 6794 2690 5829 6340 6101 8112 5584 9897 3530 9272 7532 4014 688 4365 9403 7536 9621 3881 2487 110 6624 1442 2165 9013 2836 845 1962
30 8302 9965 2118 9705 9483 3537 708 1181 629 8160 8450 1688 2218 7972 3251 9213 4845 2443 859 2678 2772 2699 4240 7980 3964 8441 9374 5631 3589 3204
24 2020 6771 476 9042 2217 1968 9264 6067 4625 4459 940 6204 1053 6675 6229 5546 6918 571 2392 9359 2152 2664 4374 5665
21 2883 5027 4706 6550 3594 313 1245 379 1412 7187 4347 5569 9420 4710 3567 5741 9332 5075 8195 9004 8618
31 1260 7557 3114 6182 2288 649 1660 7829 1248 8662 5210 9826 6953 695 8400 6353 6908 7506 9292 9709 3968 2012 3018 3365 2050 2795 33 6343 5749 3310 4332
26 2356 24 9581 7229 608 9874 7870 8419 3775 9800 5473 126 5597 3438 7099 334 2101 358 7511 6964 6976 1954 9391 5669 2998 2163
22 8184 8158 3951 3381 7162 4130 9222 6268 1771 4533 8004 8673 985 2687 2553 8322 5912 4242 4 2238 5988 3569
15 7698 3583 9118 3057 3393 7790 4039 2162 3769 3852 5275 1404 4417 317 6185
30 2335 9830 9527 2126 2173 8617 8058 3146 8446 7231 5284 9978 5956 9350 8596 7449 8399 1632 2988 4385 2195 9794 6892 7484 7412 5942 3571 4203 2312 3480
20 9402 6200 1955 6012 3885 1299 4638 6393 1466 3135 798 2367 1971 4192 540 7057 7943 7783 5538 3737
27 3546 2426 368 506 7642 1985 2525 4969 5567 8109 4642 3574 1357 7260 6960 8896 7930 3662 5392 9715 2219 7869 7950 9781 4779 2286 2839
23 5235 3147 4084 4184 3462 5366 2954 538 1844 4378 3186 914 9244 6812 5149 7514 3350 1506 7705 2046 7669 488 6978
23 375 554 9012 9640 6718 9251 8575 6380 1109 196 8063 6857 8428 2153 9236 2306 8056 9891 562 1645 3298 4759 1015
31 2247 9670 8213 2512 290 3036 2731 4656 178 1716 2402 2241 8334 3077 8855 2563 3397 7408 7752 8318 1434 2616 3312 6499 5365 5843 6867 4108 7170 1095 2456
24 4435 1735 8149 6765 417 665 3615 6805 1896 285 3573 8169 2299 4632 8061 4684 337 5053 4737 8818 5283 944 8888 8069
31 2056 3740 2787 9134 3205 643 7456 872 40 3499 4072 9436 4486 3221 1741 3661 282 5976 1761 7974 9295 5921 4053 6370 2416 3515 4131 3478 8710 7986 5571
15 8728 3294 2957 7355 4016 9497 4605 6224 9924 7736 3175 5269 9061 770 9782
28 8420 3236 730 5285 7190 5601 5267 7808 6172 4699 3622 9441 2910 9810 10 5026 1320 744 4265 8060 6027 4960 7526 4399 3983 4295 9025 749
24 734 1778 3188 9654 8682 1686 871 4819 1008 5305 2670 6519 3595 7101 3399 1371 5950 2672 7695 2514 6841 2249 2683 1570
23 4020 8768 7912 3124 6132 1523 4224 6515 4667 8140 183 7418 6372 1990 6704 2085 3081 2572 7639 2574 8451 4968 8130
23 7965 5860 5902 9935 4546 2626 6526 2304 6744 2086 5172 6262 3212 1000 9774 9091 1057 5427 8196 2775 1147 8156 3965
35 9411 1838 3572 3291 9806 7380 4643 990 3609 9132 459 5835 7271 2192 7573 5062 5256 1681 9247 37 4136 8524 3962 8844 8498 7921 8944 1405 7378 1712 8608 9145 2976 8722 1865
32 4078 423 4618 8578 3005 3640 7553 9353 6580 7916 2034 2561 6444 3078 4739 3448 3960 7345 6169 6256 8709 9108 9125 848 2902 2301 6108 5204 5653 1141 8396 1003
33 2986 9820 8991 8831 3818 3673 8511 4772 6527 2960 5243 6995 9447 9933 8297 5186 8927 6759 2951 8570 3048 8702 8802 4413 1726 4172 12 6093 6441 7303 5637 3289 7058
29 7657 394 1323 6735 4029 8547 8974 5442 9139 714 3416 6830 7588 4712 3152 7753 4187 6667 7439 1919 207 9413 9660 7369 2361 9773 1952 2133 9577
27 8698 8711 2975 8328 5182 3193 3566 9871 9620 7208 1417 4832 232 1266 6483 9755 7995 1131 8900 7895 4751 4269 8369 8152 8226 4522 4592
23 7677 6026 3482 1768 9019 254 1016 2431 3437 8525 5401 4900 451 4956 7159 486 2689 7283 2448 6373 5964 6465 8211
22 9504 5615 9473 8093 225 4403 5866 4384 3228 6333 2023 3163 6459 1373 9788 5528 4774 4934 429 5874 2322 5063
25 6412 241 8306 4838 2867 1947 6161 7407 3449 4692 1720 1649 4804 4461 6219 7596 9094 6300 6828 6107 8501 8707 9010 4126 8319
27 7804 1142 5695 4696 3646 8809 3394 2636 2863 8705 2887 1493 1933 3389 4176 3538 4727 3189 8355 2450 7269 5198 5202 1966 579 9650 464
26 7082 8937 986 6618 6422 4105 8105 732 581 5733 4382 2190 470 5882 3385 1657 1760 4504 3280 8295 9521 1514 3712 9396 5854 2597
22 6724 7028 2480 5008 7564 7822 8111 9644 7024 4923 1737 7607 631 4178 5281 2725 1825 5251 7509 5922 3688 3679
23 696 3821 5347 4615 9127 7816 1459 2374 2977 8857 2622 8242 8569 4925 9866 8660 6599 9840 4174 8622 8606 1454 1573
26 7109 8559 2401 2382 2181 8298 9742 1023 9238 1051 3507 9849 1061 693 8583 9422 5136 6753 5103 9530 1270 6143 8577 635 6221 7173
22 4008 9305 1530 9495 1436 2275 4195 1458 8014 2842 3230 9022 6414 4647 2451 3374 3387 3526 4678 7859 3702 8453
27 6654 4940 5088 2527 5087 1282 716 9208 8017 9155 2332 8931 2528 8281 3920 9653 2980 6388 3884 6284 6109 5588 3407 4616 9909 3528 9380
24 5324 8262 69 9763 8051 7167 5708 2037 9778 3404 6772 7781 7860 6129 9400 6215 63 5331 8924 2704 913 6177 7896 3985
23 9052 4630 2600 8367 292 8288 4282 9784 103 433 4912 8532 9726 1675 2251 4928 4967 145 2815 7376 8138 2073 2055
24 7401 8449 8346 7232 7145 7490 8814 2438 9333 9110 9366 5561 2396 4614 1611 1119 4252 7517 9098 3744 7083 9067 4315 5449
19 1900 7967 7164 6495 2017 742 4789 7734 9086 7095 5430 551 6166 3861 3343 1479 4735 4476 3120
23 1515 3055 5769 6424 5393 9927 3632 5830 6915 1695 9358 6366 1834 7137 5850 9188 9271 2870 8222 3742 2940 6470 4243
31 4637 2079 7319 8835 6711 2771 9077 3694 4824 7525 5094 561 4682 9113 129 3709 4419 6154 291 1730 7128 8394 3768 5765 8561 9746 6207 9296 86 3408 1006
27 530 3830 5690 9647 3421 8312 5709 816 3070 7865 8833 9682 2721 1853 4849 2466 721 54 6954 4401 3248 6065 7158 4563 9771 7748 3405
21 3426 3058 7710 1175 2180 6956 7941 5400 4879 4244 4323 1889 1894 2820 2778 1807 4146 1793 2098 2961 8541
39 6831 8978 200 6192 4064 8464 4782 1963 7787 2916 9065 4007 7239 3102 8190 1257 3258 7103 4714 9482 3271 5040 9015 4330 2785 8039 8914 4500 3548 8658 4812 7559 7423 6594 8251 900 2321 4606 231
18 5693 2578 5001 342 7809 5919 7529 771 1827 972 2459 228 1133 8923 3971 9608 5239 5318
27 5487 7867 8192 5751 9158 8030 4966 949 4125 2990 180 7015 5618 9115 8206 4943 3864 3071 3250 4180 6032 9971 431 6853 4911 6016 4553
20 7186 3849 513 6473 9712 5409 1746 7724 1831 2078 9384 3234 1017 8483 2379 5148 8589 1350 1522 8054
28 271 1970 4349 9757 4405 2570 3232 4070 9159 7866 2526 8571 924 3494 2837 958 8905 1763 2620 4492 2891 7241 6005 6631 6070 2697 1642 6453
30 1543 3008 4202 1601 5678 2979 1443 9101 1855 9881 8743 7918 518 8693 1307 4217 7177 3805 9119 4182 2707 5613 1812 8205 6349 5937 5485 7968 962 3812
15 4659 514 9912 7389 4571 6314 4306 3954 51 9719 1868 4484 5141 3378 2864
24 3239 6547 9109 881 2160 8827 3469 8901 3606 3052 214 1026 2285 7608 4719 2022 2328 4859 2318 5431 2843 2211 8647 3522
15 4867 6886 3993 9684 4958 4198 3159 875 3650 4579 5196 1795 8364 8070 8301
24 3249 7572 559 9570 1160 4784 9192 7926 1470 3282 7009 3763 4430 809 6803 3452 878 1571 3766 1336 316 3858 8808 5029
21 6381 8329 7227 9452 4065 584 7313 4122 4389 3598 7890 9122 1249 8388 1344 4670 7300 6468 3671 4197 1758
30 8484 9191 9602 9702 6247 320 5216 276 2254 9510 1533 3659 3582 503 7997 7868 3171 4342 1216 4596 1334 1594 1636 3028 1341 811 4013 4156 4803 1410
26 1689 8681 5779 2360 4213 6331 4884 2612 5176 5417 3999 5704 8616 7461 1444 262 1906 2419 3491 7775 4132 5051 4189 4446 4091 5244
17 7499 957 3148 8574 7323 782 3904 4528 5635 6548 1743 4262 5677 7892 2266 392 465
24 2009 4758 8458 9744 7874 8191 115 1110 6163 1480 2129 512 3841 9079 1622 9017 6497 3552 5131 258 4813 6434 6595 1359
29 4352 6786 4953 102 9375 3098 9950 7894 3597 1871 6602 7510 4316 9930 125 1463 8680 7056 2705 9126 3166 4412 1893 6401 221 5209 1826 2516 8898
18 5598 4056 4003 3215 1468 6975 5093 7365 9506 8526 2283 5448 7973 124 9802 3080 8862 7115
23 9291 5237 9813 2235 9872 6989 2045 8062 9584 2758 2532 7388 344 4524 6501 1129 2337 9818 3559 9834 391 7700 3380
27 1867 9046 7372 6836 5241 1311 9044 9729 8815 6939 4745 7966 154 3376 8436 9258 621 9081 5206 5726 981 6934 7836 8507 8089 3288 8959
24 9985 1002 267 6537 907 7513 2809 599 9303 215 7142 4357 242 7939 8763 4597 1068 520 829 4783 9984 966 7409 758
33 719 3580 7070 7320 5369 4088 8042 2927 552 8642 8118 3261 9388 6999 938 576 3925 4669 2595 2478 1154 8476 8258 8473 5968 7447 3223 2493 3467 1694 4284 8132 6260
26 3555 1447 9543 439 6069 5566 1628 5539 4101 2482 1864 6587 9379 4358 2340 5862 8817 7605 9857 7878 4261 6482 8724 8508 9 8789
25 7810 4421 6245 9761 5628 8694 2043 5878 7749 93 537 6612 7583 1262 7976 1836 7887 5761 6949 9814 7343 3369 9792 5057 9831
20 4404 843 2053 2072 2229 9368 5767 5904 9348 8381 1824 3878 3519 9455 8144 7307 5147 234 8119 4350
26 2695 672 4877 1655 5712 1913 7386 7785 7284 7882 3862 2923 6561 2728 6691 628 917 3831 9310 7089 8769 4600 7827 5776 8899 9517
25 8878 8489 4428 1984 4665 5303 9975 163 9056 7647 1255 724 7265 2068 5739 9323 3497 7910 2503 3254 7740 822 2100 7733 1150
25 9401 3565 3119 823 5031 6850 7599 3489 2991 1486 5568 9386 978 8966 5115 3440 3019 1462 4757 7437 9552 8581 5977 6911 8519
22 8518 2538 47 168 9954 5187 1215 7043 5847 3790 6674 3447 1342 5106 2757 5893 9398 2488 8240 1085 4231 9430
26 9707 5971 5212 1755 1319 7275 9103 683 4569 4518 9547 5309 6149 213 2499 3337 8679 9053 416 4483 5328 9154 314 4052 1473 6365
17 8715 1263 7425 2921 6041 4654 1629 5681 9883 8633 9338 7261 2460 2862 638 3618 6111
20 700 6053 8902 1904 8059 6966 8116 369 9028 4096 7547 3323 3487 9571 393 988 2258 5276 9214 1082
30 1305 2917 8227 5034 6206 5377 8448 4686 7737 7492 5861 1101 4206 6416 2400 1125 2430 1136 8812 6303 7336 9995 8634 3297 2968 7955 4083 1562 6750 7133
19 8840 6150 3459 6058 6270 3373 3847 1534 8920 8170 2295 1103 7358 2726 2094 5368 3046 7166 6676
24 9128 6567 5803 9505 9963 3657 6367 9160 6290 6488 9884 8177 6326 1905 7707 4429 4730 5035 5126 2827 9555 7154 2423 2117
25 825 1276 6523 645 1182 4724 516 8904 5527 255 4660 9060 2971 6037 9893 3810 5038 2168 2779 36 705 4702 9585 5224 797
15 6739 9949 4171 5809 9611 9330 1982 7653 9009 4847 4827 5079 9590 3464 5819
27 4307 1024 5060 1625 2198 5205 6003 2904 6645 5660 6719 3133 7920 1861 2733 5270 1400 1895 1575 2529 5949 6015 2669 8865 2618 4268 2530
24 5881 6669 3541 9842 6346 2453 2270 6800 2599 5384 1525 801 4144 1749 3503 2582 1092 9662 6766 532 1478 3950 3458 7795
23 4090 7451 6942 3220 7110 2591 1700 3498 7384 4454 7623 7473 5197 4721 5784 6195 5065 5551 9486 9811 5547 7375 2130
26 9619 789 8816 691 294 8631 7316 6909 9513 3474 1980 1870 6226 4878 855 3136 2676 1440 7185 123 452 3734 5737 6052 3535 5471
27 4143 7318 2324 2738 9691 4112 6984 572 704 6597 5824 3372 4690 600 9448 8845 4933 9365 8678 8706 3705 299 4633 8825 8183 1705 4955
18 5406 6742 6643 2385 5310 3731 5139 2047 2816 1610 3633 1190 7577 2145 8 6569 2172 5173
32 3333 8203 4624 2717 2031 3840 7663 5799 6244 3636 751 9981 7595 8500 7931 9106 6292 27 6588 4526 2668 336 2638 3800 9294 5813 9390 3612 3184 9714 4683 7146
26 563 1993 9087 3362 5540 8173 9410 2404 5622 9324 6769 5880 4941 6061 5728 9275 5367 6429 6385 8135 8985 8853 2746 7744 5436 5841
31 2519 9003 4687 4414 1326 4806 3879 1324 5344 8638 3570 5278 6920 2116 5689 3913 8841 9862 4468 7820 9149 7664 9432 1938 6147 8482 4040 7011 1226 4929 4891
20 4309 6662 2915 8915 1152 5481 9460 1882 139 5506 8730 5185 7681 1495 4977 1191 9977 2411 9311 1948
22 768 164 8445 475 6716 9612 9157 2804 863 4521 7354 7063 827 5648 7022 1848 6193 1077 7052 6941 1084 9990
27 8564 2440 9613 659 1309 52 7627 8741 3894 5262 6423 9697 149 1976 3747 5577 6490 6225 3908 8358 4116 191 7524 1312 1001 8740 2897
34 2949 489 1313 7759 7387 8407 1820 1639 6696 8031 2506 9767 5444 8961 256 4032 22 9237 2789 8121 1298 5680 3132 3900 2953 312 2849 9841 9772 9467 901 8311 3042 6080
27 519 8434 1647 1487 952 8303 7113 2395 8486 711 8413 5998 7493 9319 8793 4264 9136 6397 2749 2099 3076 7625 4931 1362 7069 9766 6479
21 9698 5227 9851 5090 5663 3770 5914 2082 9378 2244 539 8971 7721 5496 1361 1829 5612 4908 8185 9281 4846
23 474 7711 7428 4830 7732 46 2866 4498 7898 1448 582 3154 4460 7917 8676 43 8016 71 4239 712 8696 948 6931
33 2828 7709 6139 5727 6199 7430 7085 984 5576 4802 1656 3328 7610 5734 3473 1286 3568 3982 7549 223 9597 7504 1775 8349 7963 1481 1899 204 1408 9747 1823 8337 4865
20 1269 3666 896 5221 1531 987 463 3137 6970 7556 525 4026 6869 5570 7893 6276 673 644 2007 4725
34 5137 7325 3554 3420 9576 3867 396 1872 1271 4074 3509 8125 586 624 4329 7004 4582 9456 333 5849 8907 9839 3956 5492 6668 2002 6394 4375 8666 4308 3111 9317 8718 1510
25 7956 1524 498 3116 2741 979 2206 9724 4464 2433 2294 5966 5789 1265 2303 4738 1766 810 7202 4408 9168 8607 9215 1456 9937
25 6125 1977 9538 2972 9074 9987 4916 7394 7007 239 694 8127 4259 6798 4578 2868 8365 2363 8255 7469 8096 3417 8517 472 8377
27 837 6263 7889 5875 2838 8832 2077 1349 9972 4588 6140 9607 2546 6982 5587 7403 3088 3844 6811 1274 5762 5015 2349 3275 762 3014 2586
27 8703 8520 4848 7580 933 4705 4291 9018 8981 3496 9592 2370 7065 1842 7454 5258 8084 4110 5081 6049 5927 6358 8384 8613 4049 5494 3848
25 7640 6740 2434 4398 4907 5123 929 7392 3534 4992 7237 5763 7330 9945 1025 4917 6227 3516 3649 7634 5836 5869 8580 685 7289
19 1223 9180 2802 3227 9075 3247 6727 2621 3293 2762 7875 2263 651 4557 5774 8514 5322 7458 9493
21 8548 4920 6029 3732 6013 3930 3155 7366 8911 3174 9270 4831 6827 8050 5594 2716 5822 5011 9940 8308 4042
28 1697 212 4376 2060 6023 9438 8952 3450 9229 6974 2859 7192 545 288 4166 7738 2454 2929 5151 2812 9266 1114 2946 7039 9690 3422 3110 6458
26 2536 8104 9947 3938 8772 6575 127 715 550 8691 2601 5804 3 4092 7130 3161 7979 2120 2369 6022 5145 8321 2671 7563 6212 722
29 1992 9675 9864 9926 7668 1430 1465 3345 1179 8819 3610 6622 1535 7598 8946 6528 941 3060 2403 3998 7491 526 7539 3460 9676 7717 5731 4752 8385
19 6695 9539 2948 2766 852 5658 6231 2437 4770 4619 2688 8632 5010 3367 6487 1546 3683 9797 1887
29 7270 3692 6913 4260 4717 3866 3433 1583 993 5260 8644 7770 7659 6312 5389 279 2016 7076 4870 2587 8417 717 1333 1374 1802 9960 4918 360 4424
29 7114 7357 8440 7856 1098 1069 536 2645 9968 3308 9754 4809 4420 5482 3446 2615 8478 4155 4946 7545 3087 6194 9885 9036 6421 6955 2656 8350 8874
23 5970 1105 1170 9347 8774 5711 2212 2409 9516 6460 6114 5630 4947 72 9828 6079 9107 389 7833 7617 9451 790 447
25 5424 8382 1221 4807 5263 3784 5899 2156 6386 2151 8672 6560 6090 1370 5110 466 2194 7593 9898 6136 3626 8602 4383 4267 3719
29 4346 9768 8187 4450 8037 6336 5170 7515 8610 6605 8916 7819 4218 3736 3916 2091 9989 7550 6040 5030 8714 2372 4509 5024 756 4057 5476 998 9536
25 2869 354 7216 6476 6056 8918 6839 7368 4988 366 1310 9470 6142 6117 6697 2552 2662 9360 5468 7431 7478 3033 746 4808 197
27 7013 6446 9564 9481 4796 8293 6184 6861 4168 1999 6854 1171 6091 2489 2800 1268 784 1691 8124 6520 4287 3388 6986 5659 8726 9241 3656
27 4164 9710 4400 3418 7727 3425 1159 1907 7262 5133 9023 2861 8143 6608 9886 8387 1885 5979 4560 6653 9223 5889 4479 3284 7002 5125 9329
23 4377 6321 7575 6392 8167 2394 4971 2048 4212 2851 3201 7854 1673 5638 8677 861 7981 664 9749 6088 6993 6968 170
30 6783 610 3409 780 4520 6196 8263 2330 6683 9998 779 235 4219 4443 8749 4351 42 9629 841 1828 6510 2083 4763 1542 6514 1677 818 3093 675 2724
20 55 5510 9282 230 9980 130 8193 5184 3813 2560 4889 6011 6725 3002 9184 2583 4445 1909 3984 6467
29 2531 2539 2649 9252 4115 8085 4587 3038 2831 1631 5238 8719 4552 2125 3339 2504 5565 6632 8202 2347 3803 8145 7214 4364 6057 4310 7356 1261 3259
27 8342 5990 8851 1504 5700 8182 1748 1368 8225 1513 3808 6509 3553 6636 8439 8496 3517 346 7067 62 5940 7821 427 9371 329 5508 406
24 2135 6277 6901 3225 8603 2191 4086 5559 5353 678 594 3824 2950 7098 8252 7377 114 7121 9415 9520 3128 9290 8282 6350
20 5358 9202 2652 7274 2397 3121 7091 9498 1387 4881 1469 6906 3525 7238 7360 9522 5152 2569 9491 9622
21 6900 2736 5771 8128 5428 553 6094 5356 1330 5306 4440 3130 6620 3820 7264 6797 7225 1549 7413 6170 6063
17 2143 7546 5036 9273 3759 6784 4722 8253 1328 4073 1345 663 6137 5255 1329 7254 4729
25 3442 9679 6745 7948 8207 3319 8785 2187 5967 1433 4689 8481 5992 6442 9969 1413 5916 237 413 8880 58 8260 7985 9717 6748
26 961 5161 5991 4299 3807 1693 7682 8075 9844 5933 1598 5730 1316 7960 2158 6557 4142 1091 1122 5461 4691 107 9878 8463 4799 939
23 8310 4935 1869 7312 3022 4652 1232 2355 4497 4433 7764 3173 5072 2256 8821 8048 5754 478 904 5961 7074 1813 1669
22 4098 3354 9419 6222 8506 7576 9031 9639 897 3672 4543 8651 3091 1432 6427 373 593 8036 296 59 8087 8957
22 4586 1384 9274 1010 6672 8869 6134 5694 1624 3392 5475 9181 363 868 9578 167 4434 1303 9220 1898 9721 1931
27 7913 7040 2934 5054 9070 8585 3974 9934 3039 8960 689 4279 5981 8986 6522 7635 6777 2524 2708 6400 4425 7038 4676 371 1301 7527 9915
24 7188 6656 5387 4575 5983 9349 1239 1246 4496 9783 26 3495 8013 1358 735 1623 2801 4753 3140 2914 7496 9589 5458 6919
32 84 8787 4910 6425 6764 9138 660 9199 8403 8938 2797 8534 5041 2535 2390 9152 9193 7417 6175 703 5330 954 2018 287 6295 6428 5691 2114 2598 6914 4909 9131
27 2418 4048 1399 4639 6089 4607 9151 4293 3210 7502 238 5810 6733 2348 6763 7581 2739 5128 8846 5740 1517 9692 783 5413 2623 8210 8850
25 5717 1240 172 7730 7542 9141 6779 8933 6574 173 3979 7321 5925 184 7741 6758 7280 7671 229 8619 8999 7906 8552 1306 5848
22 7567 1792 9832 6584 1511 1391 9632 9720 880 1956 5675 4902 1388 6055 1483 9008 4391 9568 1043 8939 1318 8480
26 627 6924 5307 5541 9286 6903 4034 4331 7361 1541 4209 9790 5556 6774 8250 3551 9175 641 9961 4771 6661 2331 4818 2562 8655 2208
20 846 3513 5039 3748 53 2274 752 5059 1711 5114 9791 8977 6383 5429 3644 2502 1148 5232 4987 3619
26 3651 7020 2952 1644 2966 5033 1048 7987 6722 7305 2479 3436 4388 6144 2510 44 1754 5493 764 8276 7694 8685 5407 4841 2544 5501
23 4794 5620 5917 4045 8018 2025 2933 5350 6176 220 2239 9856 4023 603 3658 5321 4095 7530 1641 8648 831 7112 5504
28 9084 9216 2900 4595 7535 969 3895 5323 76 2439 2375 8553 7046 9988 77 7802 5898 7027 4169 6640 3268 4668 2096 955 8313 8397 298 2770
25 502 6128 5627 6589 6932 137 5074 8099 365 9114 370 9489 2334 668 9344 8604 1520 1998 5130 7073 4811 6998 9637 6087 4348
22 5300 9405 2748 3066 6563 4914 2207 8259 8742 7729 9424 1348 8339 2841 3237 9929 6511 2872 3834 932 6097 5682
19 376 3970 7558 3203 1979 2958 2346 4734 5486 5154 171 5589 1390 4199 637 566 6559 710 2273
28 9121 7140 3276 4205 3789 3778 7548 9262 85 6775 2319 9351 1702 4698 278 6679 3455 7292 6801 1618 162 9672 5703 1080 8765 5773 4510 8867
25 4679 493 4502 5426 5844 4800 7754 6234 3635 1058 999 731 3919 3777 1839 687 1032 1099 8639 5048 9922 4995 7008 3134 8113
24 7792 8786 9769 330 4608 5143 2959 8935 5032 7743 1516 7250 7362 5807 7578 8839 5918 919 4972 8235 38 650 2814 4277
20 6502 2714 2651 2745 2292 9943 2719 7832 5490 4816 5199 903 4755 3733 3600 8626 6341 7739 1367 4451
27 4059 8630 3202 6639 4775 3501 3300 3266 7853 8471 3330 9435 3000 9312 8522 5974 4444 1662 4463 301 6979 3238 9764 7702 5273 7111 5225
25 117 7862 7846 4957 4021 4664 1422 5064 3466 2393 9882 4002 9533 2956 964 8779 1945 2029 7421 7959 4795 1972 9827 5370 5606
27 8179 5332 2686 8529 1721 1960 5373 7148 5583 639 9879 9843 174 4135 6020 186 6776 5257 6075 3809 8389 1619 8391 9446 4897 437 994
25 9559 6296 4666 8035 1381 6359 7066 1679 2513 9593 4335 8936 9453 4381 1648 2533 8942 4283 3978 9301 9956 679 9736 9354 4662
32 9920 8021 9627 128 3544 4657 2464 1676 6399 4017 189 5564 6641 2769 6203 612 8199 1291 9801 2267 8885 8600 3118 765 7992 1915 5127 3914 2391 5395 9259 9545
24 48 8536 1580 1146 4786 4539 3924 6083 4173 619 2911 2873 3332 3485 5286 3306 1205 750 9693 2744 9016 3716 9178 9277
26 8395 1866 1228 1192 5621 3901 4767 8134 8545 1964 6318 5 8465 8457 4037 882 3207 8836 7427 9787 8858 7436 3749 2845 1559 142
36 2581 3176 9869 57 4973 9579 3663 607 8671 4749 2675 5910 5514 2648 3710 5380 6591 4893 6146 9444 9092 1566 9868 6431 8248 5605 8354 5585 7029 351 5272 6616 7087 8487 8797 6241
23 8675 9463 7379 5888 3191 3842 5371 3194 4857 4138 8599 9867 9372 5524 3296 6736 8886 9907 6259 3627 8106 424 8674
