35 1785 7914 4049 8394 6154 4994 4279 43 2950 4588 6233 4833 2647 2044 8855 3284 3926 918 1838 3514 5732 3753 1616 2663 247 2596 4837 4464 8380 562 2927 7280 4097 9982 5921
31 586 957 9246 1942 23 2933 3 3949 3573 3486 8894 8147 1228 58 2979 6530 635 1654 8827 9726 9611 6127 7098 9663 1232 8287 4326 3426 2016 6865 4331
31 3902 8568 9441 7752 780 8439 1612 8957 7201 6643 250 4478 266 7847 5509 1329 2548 564 2699 3629 3812 9 989 7673 5205 1523 6241 1115 7885 1099 6575
35 3042 2150 3145 7901 5130 8432 4238 7694 8697 9803 1258 6215 3604 1089 5603 2948 3631 109 9414 4603 2944 4161 9668 1927 8420 4399 9125 8430 3521 1372 8243 3948 2478 8443 3708
37 5482 2795 5941 1499 1220 4227 8381 4137 5218 4377 3203 2917 3341 9178 3277 8666 3923 3896 7069 611 9077 2309 7994 2690 3433 4439 6118 9176 1583 4631 2571 321 4890 2807 6404 8062 9645
21 4119 1752 9213 4166 9636 8111 5083 9092 4218 1498 6439 3359 7684 4826 3142 9210 4075 9306 8302 6240 3876
32 8598 7922 1100 4476 4628 9590 5857 185 4818 430 6484 6462 1950 7632 3000 4859 9369 2190 735 6317 1790 7644 1543 3734 8893 1323 4940 7424 3872 85 4916 6906
38 3440 2805 3562 6214 498 4481 3811 5148 3050 5182 2138 3532 6137 2413 1249 4335 3799 6315 8847 3253 4752 2650 9711 8361 7250 7204 6040 2638 651 5110 6654 6008 5918 6028 6881 5948 1027 7934
31 9594 5881 3324 9806 5713 9055 7065 679 8454 2281 1000 38 2050 644 4179 917 5373 4424 3886 5243 5785 9686 1594 1834 6761 1626 3218 1533 5481 4978 7820
24 7642 5128 2860 1558 5082 7147 5051 2258 3348 8251 3774 6989 7209 9502 5852 6282 5958 9471 3596 9487 7797 4982 4744 7805
23 9155 6485 1794 9909 2673 261 1883 5550 7615 7499 8210 5419 3885 7954 8508 8456 2553 1995 4905 8637 5650 8132 2007
41 5326 8399 7636 9930 667 629 4192 6049 2642 1770 7240 5406 4229 8974 6708 9526 7122 7267 4658 6024 6701 6915 815 2697 8028 6884 649 4534 2321 7283 4508 1065 3597 2932 5684 1475 3053 8236 3956 6546 9212
23 9191 4065 7324 8440 1410 3763 675 3439 793 8258 4941 9390 9596 840 8304 5623 329 4209 9065 2567 8986 8194 2994
28 5777 5160 9708 5990 6971 7111 689 3167 5012 9593 1044 1221 9098 2445 5484 2231 1584 4668 1478 1534 7311 8922 826 5728 3219 6339 44 3030
23 3590 3363 405 5475 1186 7331 7367 4834 4519 6460 3147 8956 237 2121 5577 3576 8171 6297 4932 7354 6887 2559 960
32 9157 6668 7487 49 5127 9120 3623 6822 7488 4975 7338 3194 6648 4101 7612 7973 3389 9666 1876 3641 7373 4670 5923 9048 6316 6593 6828 5907 8164 3601 7537 4678
31 9601 7822 6151 5942 659 5151 8421 4672 8603 1244 6665 1467 8007 5833 3747 4676 7378 9162 3022 8535 7711 2264 566 8660 8225 8941 1607 6974 6390 9995 470
30 5454 3656 6819 9732 9097 8462 8257 3541 7054 9917 9089 5699 6432 3605 7889 8461 5393 3638 4441 6285 6333 6401 9245 8079 9063 5300 3663 990 6737 8683
38 4506 1587 7937 8579 9263 515 1165 2569 4953 6944 2846 4577 6531 5036 5854 6192 7001 1409 2060 5409 3250 4113 2118 7582 3751 5929 6855 9649 1155 4666 5491 8891 1550 6755 946 9109 7153 202
35 4904 8551 4107 482 994 167 690 1802 3156 1304 6860 3229 3608 4945 9908 1320 909 9455 382 7053 6786 7564 355 5043 9480 9779 1230 6373 6031 1827 7631 1345 4345 9343 2480
25 7643 7883 7609 9850 7708 5886 5898 6382 5229 425 110 1849 6893 5309 5451 9769 8650 6195 5563 3523 963 3141 2709 3583 9422
32 8141 577 8057 445 3581 3198 2996 9826 8134 6890 4957 1016 684 4495 9494 173 883 8022 6553 2466 6302 3571 3325 9341 8357 6840 6076 5629 3930 6932 5780 3952
27 9832 7186 1734 9219 1677 8176 5742 3651 3908 7473 1708 1825 4127 3453 2606 3585 6741 318 5971 6111 7129 5743 2347 6066 4908 6713 655
30 7985 7528 3858 2410 190 7748 2274 4785 1724 3606 4720 300 6018 6206 3011 3807 6904 5443 8614 2341 7881 2700 4475 9901 921 9449 1857 9987 9748 1875
31 7759 4661 7175 3899 3866 3953 906 4718 2101 2439 5912 8004 4579 5793 7771 6552 798 8135 6035 9026 2543 6372 6642 5765 1393 3345 5736 3633 8265 6279 7641
32 835 6261 6897 6211 8992 1198 9571 7441 8292 5969 8106 5018 2276 8337 4410 6601 2845 3108 751 9712 4106 1033 7826 8275 7827 1331 2856 8940 5936 5507 5489 3305
33 3875 6197 9696 7011 2992 4514 4247 9376 21 5906 8976 6454 9250 9996 245 5202 9617 9551 3862 8474 2421 7619 6103 9034 3369 1762 6181 8582 8916 556 3816 3857 4644
38 3039 9136 7096 8415 8027 8565 8851 5345 4769 170 1560 5102 1133 6446 8517 437 3304 1039 4958 1585 6813 7340 5894 394 6749 1392 5565 8129 2206 2224 1379 347 7095 2861 6465 485 5789 1177
29 5984 4751 9385 653 2085 7667 7872 5010 8466 9919 6185 1908 6612 8901 3096 367 2631 645 923 6314 4920 7595 2269 8994 3717 4840 6029 4268 9354
31 862 2785 6635 6128 9851 8641 902 6160 5121 4564 2465 1314 9935 538 3056 2026 3737 1729 2361 1438 1078 6903 1501 8716 1841 7746 7050 9765 4516 4965 6479
30 5831 9997 5266 3123 3503 6879 2330 3903 6516 2049 7993 8123 2928 4428 9160 157 2348 1887 1828 756 4755 3087 6592 5140 6899 4907 4695 6161 7174 8715
36 5552 8896 8339 1021 429 4697 6844 7952 5683 9599 2331 1767 7374 51 5395 8963 1135 2193 6106 1949 8923 8411 5190 876 3841 7453 8779 1812 5569 4532 9423 5054 5551 8360 2952 9154
35 3153 570 4494 4066 2069 446 4896 3907 9150 3702 6922 6519 956 8154 6163 5502 3388 1248 2509 6318 7334 6388 8529 8199 2449 7825 3933 8729 1529 8160 2732 121 3940 9041 9080
32 5832 7674 2265 8781 2169 82 2168 590 4350 939 3420 8794 7037 2867 4551 9177 4109 7750 9103 8310 8155 8984 2272 4772 5686 5819 8803 3760 7435 3138 8037 7559
27 5057 750 6093 144 9042 4069 8201 7355 223 865 6082 4294 8842 3441 3463 7437 3773 4216 1202 4569 8902 2109 7154 5548 1601 9293 6065
30 9049 2381 3534 3291 4018 2137 1344 7988 3037 8528 4306 2802 8067 9704 6581 6072 95 7909 2658 8764 830 2975 5735 8197 3467 8978 8290 8805 98 6632
38 9168 8453 1539 3775 2335 2836 8919 6402 6341 9407 745 9362 3678 1370 5366 529 3839 5417 6457 1507 7491 4855 6321 7184 7003 4894 5722 1072 6636 186 6251 634 2203 7791 5787 624 3202 5178
20 4967 3064 1278 3268 4560 8687 3794 4844 84 9372 30 1613 6124 7350 6736 8071 7998 9977 4548 7399
26 5955 4433 336 2305 8464 8237 9752 4323 385 513 9781 1680 5749 9852 4054 9511 8419 5267 9386 7266 5328 8810 7553 4683 9438 1150
19 1660 5115 9735 3412 8256 468 5900 8309 6856 5964 3819 3204 6649 4847 7023 3550 7490 3800 1428
23 5014 7395 4650 4327 1241 964 6994 4900 7345 3298 4383 8604 3435 7588 4420 5718 7853 5539 5003 8452 1357 3980 9849
25 6198 1179 1111 5388 3471 915 544 2003 7116 4175 2771 5748 1002 583 7425 7293 6583 3614 6013 4735 2969 6639 4685 1773 4184
36 7115 928 7724 4917 6464 3318 1093 8913 7891 6036 6752 9883 648 2913 5689 1128 8115 4378 5642 4623 2792 3263 1970 763 9834 3032 7034 9221 3081 5764 8409 3796 3421 4590 9650 6246
28 6001 476 704 5323 8638 9231 550 9733 9126 5659 4168 7068 686 1023 4266 92 2006 2708 4541 7563 1710 5733 4886 9271 2180 6081 2962 9296
18 719 1717 9662 8386 9967 294 8668 6357 3310 7740 5394 7127 9146 3451 4998 8945 4635 4901
34 6130 4574 6416 9304 7481 968 5855 3417 7022 8840 8042 1132 1256 3364 9090 322 5504 9552 559 5947 9453 3616 8139 56 5989 6641 7933 8388 37 1765 1446 4552 6626 5473
44 295 8983 6748 1260 7865 6703 3001 9986 5090 4691 8391 4178 7802 521 9247 7432 8448 9501 2204 4633 5006 7018 6453 86 4815 5880 6334 8587 8119 7103 4860 8444 5931 1324 9114 9206 2210 4283 3626 2074 3613 1374 4450 3829
38 602 276 8003 9128 3696 2013 606 8365 1302 6854 4163 9375 9281 7672 5281 5890 8248 189 9118 6757 7702 7924 254 7385 8866 8496 5335 657 2073 1605 9357 9373 7658 7306 9099 2528 7063 7021
30 5532 5245 8492 7475 2005 8756 6522 7202 1852 8330 3228 7071 2743 6743 6968 6043 3395 2750 6909 6239 10 6324 2627 9143 2385 8484 9071 2380 3913 8311
22 6488 7026 8234 9980 7097 2062 5000 7237 4180 3065 5962 6208 6375 1667 8871 2032 180 5078 867 7074 3607 788
30 7849 8653 5503 8971 8026 7529 3009 4286 8663 9583 9954 1603 6666 8350 7459 9389 6772 965 5567 3552 5154 1611 4787 6140 935 506 8633 6366 4352 2371
28 1386 2830 9561 3452 4805 4200 2036 4005 2058 4730 184 6515 2646 7291 5691 710 6508 1052 8996 414 2602 6987 5663 8101 3838 7048 3870 4300
31 9872 7030 2604 1442 4777 1429 9754 1430 8741 9880 1433 5278 2511 5547 5963 2656 406 3175 5056 444 2402 808 732 1820 8640 7839 2556 7294 4605 3188 9192
36 7653 4169 2599 6815 6912 5360 1441 6500 1487 1253 8876 8642 5235 3431 8332 1223 7290 9217 895 713 4148 5758 9426 5236 6387 4499 1116 2458 4154 6880 3658 9486 3706 8219 796 9916
24 3873 6062 7927 6559 4640 6230 987 3785 1493 7838 6010 2540 9326 2043 52 6050 7141 9432 8664 2471 6801 9291 9978 6498
23 89 1835 1059 2353 8765 6580 9885 7409 2943 5584 6672 911 3382 3786 1070 1840 2662 5087 2240 5319 9905 7166 2119
29 9475 3911 8678 5086 3625 9762 2525 2947 230 7661 360 5329 9780 2811 2319 3296 7170 3793 3270 712 7967 6541 7714 2257 240 5591 3062 2719 4625
29 2635 3878 3322 4 1745 941 5396 4145 4003 7955 5781 8253 4882 3817 954 3646 2326 3820 4103 2488 7972 1685 9934 2094 8061 3072 9161 5991 3116
29 3922 7205 3579 5669 7244 6117 9408 5424 2158 8723 9420 9654 7692 5646 274 8837 985 1684 2131 3792 4013 4012 3752 5660 79 6203 9244 5256 6142
24 8232 1965 4260 2583 5966 3316 3201 6936 4034 6520 5138 9044 1602 3330 2040 5770 1544 4854 8344 9623 9953 7319 637 1001
20 6392 9714 7337 3972 5052 7327 2375 2489 7484 9862 5847 535 8303 342 9512 7057 4968 4721 9860 6835
33 8044 8946 1833 5889 2855 5005 4096 6007 3556 4575 87 1810 7784 525 4749 1829 9381 4199 1567 6376 6180 6039 8054 463 9566 9574 8521 8531 2443 2533 9778 5678 5007
22 1893 5520 4181 4082 6731 9961 6847 1419 8214 4019 8512 9430 3370 8947 658 137 8451 8032 3208 8736 3404 2267
24 3190 5046 3150 7149 9107 1149 9240 7472 6705 4435 3377 4448 3137 4493 6682 1844 1153 9201 5173 3173 145 5365 9838 1596
30 2600 9189 7006 9038 8383 4060 554 9592 2252 2841 3443 6551 8441 4292 1880 2685 3415 3944 8254 6802 5541 1231 5672 4861 6394 3916 3924 4173 3586 3106
35 5524 5529 702 6871 1178 3323 2144 7773 4703 6361 1420 576 1872 4124 6138 9689 7766 4417 7757 8688 3067 3961 2432 3327 2941 2277 7269 5305 4593 1682 3661 4271 6157 1637 694
24 1641 1817 9470 5534 6267 7944 9406 8264 6236 1721 8149 1094 99 5573 248 9676 9088 9972 2294 8343 6637 2494 3517 6051
24 7584 9688 6796 3373 7406 6212 4341 6328 5821 4031 8943 2887 7877 2632 4549 8336 2660 3473 5980 6525 5203 4729 4274 2894
28 9584 2152 9131 7894 1325 5826 1440 3934 3280 7950 5076 9011 6249 438 8 1296 4863 3768 1922 5143 9715 8951 7252 3996 9320 4257 6524 2786
29 6982 6265 1139 7575 5126 1412 6826 3205 2303 4040 161 3058 8509 6996 270 2420 3539 7083 2688 3750 2102 142 8252 4360 7770 6159 2670 4714 2084
38 1512 3693 2442 5908 3172 1600 1245 6538 8506 5700 5059 569 2590 9993 1589 2382 2148 2092 2324 3639 299 4654 4305 3728 1565 8016 8212 5145 3725 3739 4810 5452 520 9101 1527 1957 3901 4767
24 7828 8949 3518 8884 6299 1096 2799 3078 6590 8722 2017 4343 7206 9641 6064 5194 6194 8853 1877 8555 2999 2781 2504 5255
30 7320 962 6603 280 9117 9956 1076 6112 3192 2680 5297 9976 3146 4456 3730 213 3437 4865 3329 7241 672 5762 349 2328 5294 4416 9865 3547 7261 561
30 6845 9445 6319 5608 26 4817 8281 8494 2674 9548 3094 8338 4112 8759 4727 3599 9276 6712 9509 6827 9965 9105 7420 469 5649 8567 192 3120 2907 4690
21 4523 7720 8125 2512 3987 3019 9622 8877 1011 3407 6456 231 7172 755 6678 7945 8229 9036 4036 9134 8195
36 6096 4322 4616 4830 8205 8080 3643 2051 4867 8235 8398 2039 7935 3251 2675 6129 153 4488 1918 3535 4191 4812 1366 7285 8869 6571 410 7193 7073 3713 9881 2844 8353 1327 9918 1946
27 2223 1805 5077 2963 5171 5868 8368 2762 1759 5055 9562 5601 8859 1935 5830 5905 6433 5378 4934 3512 6695 3965 5932 1254 5402 9576 6573
17 7394 5207 3722 2429 2457 7990 2724 1376 2173 2839 4991 1384 3478 8776 5960 8268 7471
28 929 1824 9248 9940 5632 9172 8377 1839 2175 6256 7135 5327 4591 258 7549 2219 5150 2029 2515 5961 5560 6086 344 4517 6673 8596 2345 8918
25 2693 7120 3519 5181 2136 7880 4724 9059 7693 5355 3262 5350 1709 3955 7157 1598 7124 802 3418 4010 9379 8985 3381 2406 6627
25 9392 9522 7598 8793 9658 8588 9857 4425 9672 7859 9534 9237 3788 9840 1362 5437 6579 2177 5747 9094 7926 4354 4915 9346 1199
34 6257 3628 7982 8733 1197 3537 7016 8754 4597 1238 4282 4969 8469 9442 168 8824 4547 9311 3759 1413 9716 1632 8425 588 2227 9316 864 5676 6529 6070 2669 3239 5196 6271
30 2822 6570 4078 3611 1196 9175 2409 5105 5301 8700 7812 9368 8907 6085 4992 2790 4925 9122 4839 9570 7159 9674 6957 1586 8772 8247 9805 7817 5216 9932
32 1434 8698 1424 5934 9075 7650 1681 7185 473 9864 5457 3299 6274 9970 924 2682 6544 2185 7546 9693 5715 217 8838 607 7857 4790 3135 7970 5882 2448 9828 8583
31 3249 5209 9352 5066 6348 4076 8006 4394 2064 1064 9149 2320 1074 9720 9332 339 4851 1457 5485 6853 5139 761 1332 3736 1843 8719 2784 127 3041 1105 4131
32 2734 1769 5262 1348 2954 8073 1614 8282 9076 6566 4221 1120 8238 3069 7257 8145 2998 8334 6611 9830 9169 5899 7064 269 9108 699 5870 1071 7837 5707 4275 4576
31 1842 5675 9702 5724 8046 8865 7299 4997 5508 2097 1226 8815 6115 5411 1406 7043 3054 7013 8283 9587 4738 762 3690 3688 6305 1801 2143 6320 8539 966 7577
33 7678 3387 8730 8417 5682 9898 8645 5887 5159 1871 8206 5189 9812 8808 2502 1960 8821 5259 3584 947 6450 1456 6726 2411 7570 3276 3852 992 8632 8088 3308 5774 7688
27 6808 5383 1437 9646 3746 6278 5251 4309 62 8569 3335 3040 1485 5293 8734 8801 6908 9448 2702 8800 5866 9541 1455 8510 2063 439 3444
36 2921 526 9785 3396 343 8933 8970 2435 7981 7629 5425 5277 6862 3434 2020 7554 775 4164 1351 5692 6792 6023 6219 7255 1355 6805 4537 1912 7465 4319 1974 4705 5864 1954 5486 697
32 2452 5801 5846 5965 9891 5516 9258 1301 8150 3494 9179 9547 5978 5731 8200 3650 4321 9647 1450 1845 7628 7963 9294 829 4491 5576 7754 6769 47 5161 9904 6264
24 7590 8980 8090 94 5008 4909 3914 1095 8790 674 4048 3904 3487 6385 7928 7404 557 4700 348 4510 8782 7965 4235 3818
14 1380 7845 3300 4089 9393 8000 8728 9029 6434 8611 3692 5287 4094 1347
24 9058 1983 4239 1860 721 408 5188 9665 7800 7046 8289 6429 7623 8972 101 1640 9226 3178 3526 7461 2819 3311 1665 9882
29 3240 7787 563 5461 3764 2966 7605 8577 6205 200 6572 8591 3893 9279 66 9144 6788 3466 945 4245 317 7501 7480 2405 7457 7508 578 5930 9768
27 2849 306 3831 3209 9329 682 5022 9315 3711 2654 3336 4774 2683 7233 6698 9323 5248 9653 6608 5358 6774 1470 1576 9517 4224 7729 6843
27 1896 191 8438 4480 6459 4716 8349 9554 7443 9158 9299 8490 1496 8519 5572 4686 1356 748 1008 4563 1546 6442 1313 8412 8351 6135 4821
26 1038 7042 5456 2873 2477 4892 2842 9365 5817 3974 5972 1706 6924 842 6443 3485 5164 1722 4022 3200 6926 3578 882 4674 5877 7911
23 3256 2496 7358 3694 4455 6966 908 8093 927 5312 5222 5035 6735 369 6078 9518 6589 5339 6467 823 6832 2248 7921
30 9037 3932 6284 2479 7543 9123 9397 1390 9186 4938 2892 1144 1483 7288 603 8886 2671 2753 3814 3231 302 2997 1514 7977 9523 4936 8376 4872 3970 6732
22 3288 7984 5109 2166 147 2920 9728 3454 2833 2463 8175 6768 5495 4742 8600 7444 6141 5538 4291 7002 6969 1766
25 4891 4466 993 9054 1554 610 5757 1082 2539 2390 618 2945 2327 1240 3509 7736 1208 5872 8075 9536 6139 7713 31 6798 7272
27 9992 1924 1175 9612 5436 5353 1821 4095 2924 6707 384 822 4583 2056 2108 7912 1117 4557 4780 2598 1180 9234 1234 7085 8998 8081 4600
24 3117 156 3516 9351 601 1737 1631 1985 9719 703 4566 3234 6329 3508 1214 5766 1418 4332 4596 8156 7497 575 4793 3285
32 2038 4501 188 2228 3735 8273 5585 949 662 848 5975 6824 2030 3635 782 4743 7700 2593 9040 5755 5628 7372 9301 1997 1108 4222 6327 5711 7100 1638 8514 9604
36 8961 4259 4067 2343 7430 5525 7637 6389 3558 9220 4520 5106 8892 3131 6368 2019 580 96 8288 9630 6807 386 7093 3718 5414 3309 3469 7055 4362 8576 5430 2911 467 1672 7123 8548
26 4392 7161 504 5318 5368 8320 5446 2238 36 177 5834 8435 4598 1461 3211 6540 7212 2070 1732 3621 2875 3572 4155 640 7094 12
27 8607 5377 9606 432 2701 2801 6280 174 800 3648 6344 2552 7243 7949 2534 5956 2283 7959 5518 7445 1297 8658 1967 340 8816 7555 9958
23 1753 9890 3860 7519 791 2106 2770 2558 8358 972 6873 1358 4207 8843 3884 1073 599 272 6108 1628 2523 7194 4789
23 6767 795 2295 2679 2161 986 8094 1873 9008 7829 3960 5920 260 8473 8048 2336 4733 2561 6598 8180 3436 3386 2288
35 5213 4507 8356 6699 4937 2736 1926 3582 7109 8193 589 150 3905 252 5843 5763 4857 8008 6191 1172 5219 1188 9185 7739 568 4645 5498 9985 7325 6370 8169 2612 6680 5273 9481
37 327 3482 487 9224 2573 7579 4249 7416 6995 3292 8418 2298 4931 5523 1837 70 1163 198 8107 1058 8198 9083 3097 7303 2655 4138 6660 5633 3406 3355 8731 9113 2357 368 6955 2530 2296
21 9159 3765 6756 5619 1865 3813 1309 9792 2462 4496 9701 2172 3874 6293 3938 7677 7804 4643 6960 7341 8799
25 6931 553 4390 1751 6283 6868 9874 3731 4692 1730 392 6449 3416 5800 2424 4139 4340 3193 5389 3432 7848 7137 1615 7066 2213
30 4935 1293 2167 1342 7840 7592 789 7415 3721 6780 9233 9024 7099 7932 6965 2270 2473 6349 9102 6034 8676 5710 4242 8635 8763 6169 1943 6217 1367 8909
28 7277 7760 4701 271 6363 3275 5587 9395 219 8755 907 3314 3317 4373 1391 8300 4595 1463 6662 8557 6290 5155 9020 7477 6356 8501 5392 3531
31 9738 9543 9589 6578 1365 687 9104 3681 5031 9817 5144 7381 2622 4874 3105 4431 3449 264 7221 2653 4879 1582 1561 6420 2529 5445 809 4366 1119 497 9204
20 333 1573 7574 3079 5506 5376 9848 1083 9575 7188 1405 9068 9232 3740 5754 7686 769 8928 4832 6164
19 9282 1746 2384 7625 6869 8873 4395 4348 2788 893 3290 6213 4883 6724 8705 7017 459 8672 1396
20 187 4303 9685 6231 3385 4717 8701 7317 3770 2538 8760 6426 9588 2972 3248 8825 2117 6911 8802 940
28 4006 6237 3744 6262 6618 9184 5935 3675 4665 4243 1102 643 6075 9021 904 5246 5463 9429 4846 6934 9682 622 6920 6783 5729 4586 3580 6587
36 8447 3833 1768 2037 4046 2664 6504 4948 236 164 1368 9461 9815 9222 3095 7712 1621 5048 1063 8787 6742 8732 9050 9469 3497 3483 4369 399 8515 7730 2088 8953 587 9786 7886 3748
25 6975 8078 9868 3051 6294 8120 2535 605 572 3170 2919 4500 5879 2857 5694 5811 3199 7044 8342 9496 4459 2691 3652 1916 2850
23 7148 8709 7855 3632 1422 4710 9721 2018 5315 8560 4230 449 8900 5089 2764 9331 6089 6782 1263 5621 7978 9873 5470
32 395 5740 2916 5751 1890 5020 3804 6686 6015 2230 9216 3983 4637 3458 7626 4610 1789 3293 6938 2625 1884 4405 1984 433 6723 7287 6478 714 3349 1928 6596 8696
28 9151 207 1472 8797 9772 357 8904 400 7743 1104 7925 2520 1294 8137 7836 3928 834 6527 4770 5362 9945 3045 9924 6358 9894 2895 5029 265
22 13 5938 837 1609 5704 135 8213 1695 831 2704 8882 5546 9746 136 9298 9633 7413 9476 3826 3334 8631 3529
30 389 3782 8143 3698 8833 9073 8615 991 3986 5064 4582 2977 3269 3806 6644 5013 6400 6095 2455 7391 9061 3947 2883 7342 2211 5586 8416 4592 3719 5845
24 7256 3929 5613 5967 4151 8442 8718 358 2955 2243 1553 7656 8370 3615 2317 8965 8777 218 2105 3207 936 2968 6561 5851
27 746 4581 5336 3551 4314 5348 216 685 1895 2689 3212 3778 4713 6060 2165 4829 5131 1931 1426 2208 9000 821 6041 4384 7726 5280 3366
25 4960 8835 5865 3919 6032 850 9454 7436 7393 8076 5343 8511 1972 514 4035 7262 508 7874 3189 4029 1699 1658 6455 7533 5561
28 874 3757 6304 9350 1643 5501 5292 1929 5027 6539 2727 3255 3397 7226 4939 2461 6335 9074 8527 4927 2398 2862 426 3522 2306 2075 8589 4135
27 8927 1205 2469 7144 1276 6395 9853 4017 6263 2651 9051 2657 14 7622 8480 2723 725 7892 195 5039 2885 9045 5734 9164 9330 2879 4188
33 7833 5455 9371 2202 6687 8227 6935 1036 5247 4784 5705 8500 9771 560 4689 5282 4667 1650 5438 9736 5909 5767 1552 9483 5730 9264 4800 8086 3990 2729 1318 4479 4897
24 6933 2563 1595 4922 7448 4807 5968 9751 9648 3515 7941 9729 8221 4570 1858 9684 3699 1017 2812 7281 7968 6405 3399 7264
41 3448 5673 352 5756 4543 7253 3620 952 8162 1025 1795 397 4030 499 5911 2989 9254 5530 6609 9821 3241 4511 1091 4128 3853 2174 307 705 9085 3809 6259 1018 9652 5571 1337 652 8110 2505 6667 8114 3595
29 523 8934 1909 8586 9699 5910 4250 4304 1193 1668 2426 6252 5405 6948 5450 5994 8667 5825 483 5468 7160 897 5085 7376 2884 2953 516 4913 2059
31 3636 9413 281 3350 60 291 5726 630 1032 4432 3481 7091 3055 7009 5249 3246 2342 7271 7307 9823 9893 7236 3738 797 7274 7301 316 7938 9388 8402 4866
27 8725 625 4765 3005 2614 2323 627 6016 6554 6582 5497 6025 3136 9060 5786 958 9564 3574 226 6326 3378 1702 8643 5807 5589 717 6588
28 1566 8097 7613 5049 2793 2418 8872 404 4655 2201 6876 2218 2918 4734 2761 2220 2151 6384 9387 2886 1286 4763 4853 8179 6222 1266 2273 2217
26 5703 7648 3781 5896 6244 9451 9949 8874 4388 6918 741 5664 5152 3213 7834 8116 2133 7975 8735 3864 181 2170 1881 7478 8272 9643
29 2209 5919 1938 6347 479 1809 4910 4587 5166 2745 2536 107 3430 6188 1747 799 3609 7786 4198 7913 4741 4884 9524 2275 2514 1022 4353 1211 824
28 8103 1756 456 93 1310 6277 2686 9081 178 3495 3047 4740 9999 1780 4711 3365 5271 5624 18 3352 7332 3649 6532 8516 7951 2349 7315 6133
27 6683 5973 8250 9302 3100 4736 5133 9260 9497 3849 2354 6399 7112 1713 2740 5331 9807 6949 3787 366 9013 9631 7156 6184 1473 4962 2493
30 6557 8410 2983 4263 5100 5028 1431 2909 8413 6310 3360 1490 4215 5622 9525 3732 9801 6047 885 6254 1900 6209 632 6577 8987 7731 4518 6564 819 2388
30 3425 4801 5030 4447 5914 6509 5483 2350 7151 1264 8322 878 2076 1176 6176 4819 3414 148 9171 7940 3935 7902 4121 312 894 4973 8165 5285 8060 6776
29 152 9814 3119 6242 1913 4627 1996 1532 5490 3637 334 6646 9796 533 2200 7292 3162 6232 3342 9028 1343 7498 8708 7192 7852 6663 4063 1635 2254
30 2446 9861 4766 4442 1969 2242 2142 4002 4696 9618 6728 5782 1137 4471 4080 9419 6466 9016 5630 3789 6848 9514 2079 8706 889 4042 7544 9900 6883 8618
29 8033 8424 3265 5233 3260 4165 6657 2279 7842 1735 9067 5412 5118 1771 4779 6146 5001 3217 9137 8930 2081 959 4308 3593 3154 9181 9542 3931 6947
33 2234 7251 1067 3560 7219 6030 9640 2395 2053 2728 5769 8153 7213 7072 5379 7363 9252 7681 9757 7196 1013 1973 4285 890 8863 8136 8174 2990 2718 6921 7246 1793 3634
23 7297 8903 2876 6961 220 6393 9436 7765 5429 6225 9173 2981 999 8396 7225 9195 5288 9878 787 5257 2456 8887 1298
30 4141 9284 3704 7496 1608 4739 7691 9892 4589 1477 5568 4559 4241 1870 8762 7795 6079 3184 6863 5444 3077 767 6196 242 7263 9691 517 7106 8682 2956
38 5465 6313 3347 6123 2840 2574 1882 2183 4929 4544 7000 3543 7388 7682 5330 4669 8362 2692 9683 381 6939 7133 7961 1101 8397 4269 1476 3655 9680 4426 8739 3842 6011 4995 4619 6830 3530 9404
29 660 1271 9129 9856 8375 975 2613 8861 115 239 8925 585 8860 9214 4027 5123 3761 5893 7434 5316 1518 2572 3457 5543 2291 2400 825 503 2791
32 1140 2263 1417 3898 1515 5706 4486 1784 106 7875 1622 1889 2184 5346 604 4421 955 4522 2592 8839 1084 8806 6144 8738 4342 7101 1061 2065 1385 7861 4339 8636
23 8099 2205 1822 3442 5949 7110 2232 9380 3506 1303 8226 3945 6894 4208 3561 757 9472 4620 50 6447 5092 7900 4964
35 2758 934 8372 8246 2698 9443 4057 1339 8952 8481 434 1674 5201 1218 833 5488 1371 2720 9002 3028 9707 4525 335 461 1336 4016 7987 4999 4039 3438 374 2866 8979 8771 1990
28 688 4796 5298 9428 309 792 4722 466 9289 2318 3553 5162 5993 9367 1719 6396 297 9709 8259 9578 6605 6165 3726 3015 4680 845 8096 2783
29 7138 4662 9378 2755 7249 3267 2129 3821 3777 5434 7745 431 6795 881 3315 5840 7431 2015 1720 1265 1696 2824 2422 5795 547 4228 8898 3006 582
21 2091 3128 5258 2126 1923 4880 4921 7873 9057 6143 3801 9359 5477 5842 5531 5458 5431 6771 6929 2031 9731
22 7545 450 2459 2195 6983 4050 1854 320 9760 7275 7082 1952 4288 9749 9946 1251 7302 1311 3163 806 5593 8470
37 1577 810 3149 7384 7698 817 8445 3346 8328 2068 7407 5983 9218 4862 2077 8168 7630 5810 8313 8041 4056 1006 6468 6131 4024 9259 4484 3977 5599 3559 4993 6077 9705 4820 2157 3504 4347
23 8504 5528 9559 2591 9753 2843 8025 8617 5067 9794 716 4070 5773 2521 7879 424 2164 5641 4626 129 7270 6804 4329
21 6729 7015 5307 5058 6866 718 1482 5026 3319 9005 9926 6109 1982 298 8749 9679 3697 5375 696 6269 5284
28 8644 8152 7699 4607 7769 4408 6746 3667 6411 6747 4185 5183 111 1962 6878 1170 2666 7276 2251 9230 155 6517 7666 1937 7856 5471 1106 4014
31 2554 5206 2633 1123 1961 5867 7777 4527 1792 5474 2370 9187 709 4081 2984 2278 3891 2929 1471 3031 976 9333 139 3165 9813 4531 1209 8043 5809 2712 1891
26 3423 3756 5113 8625 1448 2147 2403 7680 6740 8573 5848 7696 6670 6147 1088 2425 5272 7143 5626 728 2905 2054 7930 2008 5044 5107
28 1408 3709 8710 1491 9459 555 7870 5084 4193 1549 974 4032 3825 7811 2122 6145 76 3390 1146 1652 7333 7783 6087 154 8905 7521 6972 1522
36 6812 9858 1030 7179 4397 811 6250 1772 9033 8820 5522 2601 9339 1007 8931 7370 2973 8621 700 1068 6837 6226 1906 1156 9624 5816 7780 9639 988 5449 3673 5922 7486 8270 8744 9478
35 4764 4236 3361 551 548 6959 1192 7929 7976 6113 2468 2710 7400 9809 3834 2577 9207 922 6006 1458 3401 9877 4232 6306 5447 1161 5640 3088 8233 6913 5088 7228 6 8606 6059
29 2820 5260 8177 1148 422 4195 8693 3703 6727 6675 4638 7614 9628 9303 3685 877 8015 998 1050 7081 4086 279 4528 765 1375 6943 2594 9403 5240
33 4172 2847 8870 7611 7351 2396 9836 7715 771 8679 6057 2061 7876 332 8159 7282 2897 2852 7118 3888 6846 3754 8312 4606 9843 1528 6702 2778 5342 5946 8845 2510 2582
24 7781 8740 128 7890 5244 1239 7992 1898 3835 4047 9703 5701 8769 5289 234 8223 5695 418 8161 7567 2566 2308 5269 6148
25 8346 5653 8204 4152 4156 785 2221 3917 5433 1160 209 8325 4140 7503 886 1182 664 9902 2527 9734 4868 4618 4102 5380 6303
24 8948 8468 2042 2930 9327 6412 715 1092 4223 5998 3798 1761 2259 6839 5179 6896 9569 2597 372 1951 3589 4254 9558 7690
21 2777 2858 3783 9437 1012 2289 4483 9153 1618 2818 2551 6591 7493 981 6930 8973 9275 5709 6136 2942 7718
30 9538 9568 3921 6258 9629 91 7751 3871 5296 7455 5238 3892 868 3464 3942 4761 6521 8186 1940 3140 8021 9364 3224 978 859 8117 2881 5698 4502 870
29 654 5324 3258 4677 4542 7352 8144 123 8538 9458 6716 5426 5519 4845 8497 7248 4118 5616 2696 9348 442 5677 5386 5985 4702 5712 6842 900 1289
27 8083 7986 9229 6634 8564 8274 7284 3797 2408 6182 6345 8601 48 6706 5299 631 3372 3357 3230 9608 5381 3098 7125 3936 5717 7697 6656
24 2086 8590 3991 5387 2555 9678 6331 5142 6814 5137 4612 9300 2759 1452 9929 7510 742 2340 1333 9573 6371 1653 341 4712
32 8875 1049 8584 3881 163 7412 1222 6652 5639 8911 1098 1290 8652 8215 3490 8661 2546 7058 3920 326 5103 3394 495 1775 6071 458 4536 8045 1947 7801 7806 3642
25 2766 8523 5136 9361 6046 3951 5226 3536 1542 6359 8249 4174 1524 7312 3368 7663 2216 4225 3712 1580 5812 20 7518 5374 1363
24 5354 7235 6437 2853 9725 8914 1693 7466 5347 6228 6353 5422 8113 8822 8767 7749 9319 4007 8888 9082 7788 4698 1369 2915
23 2922 6056 8049 3259 1080 5999 6753 8012 7536 6183 1723 1308 131 6628 8467 1481 5341 818 235 1305 5813 9866 8092
27 6638 3827 8543 7309 4870 7458 9416 9515 7180 9489 5714 6817 194 8691 3771 8066 9824 5132 3026 7102 758 3376 8023 7447 6132 9062 1268
24 4114 9988 663 9790 6718 2352 3297 8649 5053 2808 6337 6861 4946 3109 912 490 9758 8656 5992 9474 836 8819 2565 7348
27 691 9328 7229 7216 4944 1776 7980 9356 5510 7268 5597 7522 9839 7863 228 858 6692 6895 4438 7181 2899 4133 3252 8556 6709 3918 6647
35 4349 9031 5595 3462 6177 9549 5610 8991 2637 4726 6171 997 2878 832 1097 4617 6026 4813 9119 2110 6403 5212 549 165 3282 8612 118 1506 2434 8648 7386 9947 7997 9410 2149
38 2090 1818 3612 873 4104 2677 1994 8478 1836 1354 3865 7671 2009 6210 3127 2495 55 2645 5727 278 6100 6166 8414 1910 9266 8997 3973 3052 5544 1979 8359 9399 3257 2796 3988 9710 1015 1136
23 6042 9488 1053 9484 7482 9963 53 8526 4487 734 9363 8224 9500 1292 8665 1948 3568 6714 1563 8202 7923 4381 7887
27 8053 8936 2768 3272 2450 9495 3742 4497 9855 5080 1272 1169 5986 19 6273 2483 25 7734 3985 7764 8784 7004 1991 1503 7854 518 6090
32 3160 4122 9591 3027 4503 9052 7485 215 5478 5167 1004 5439 8389 8458 2132 4647 8602 5647 9370 1321 3705 8775 5581 3152 9616 7403 7665 8750 9383 7371 2814 3038
23 5334 2524 3501 3836 5070 995 5533 2178 1847 6483 4120 6624 2045 5995 1237 1509 573 1629 5859 4422 950 5361 1315
29 6613 3155 3665 5041 4568 3630 8547 740 6287 2124 1934 8390 1142 6126 7113 29 9819 1978 948 9032 9001 41 4841 9398 9971 6235 3769 283 9969
24 4989 4878 9417 3954 7177 6276 4822 2522 7195 8371 2464 5356 4146 4149 9567 6870 2222 5016 4608 3687 4984 5937 4923 8694
30 2584 5149 2649 1014 2253 6677 132 9238 3103 6979 7405 413 5440 4657 8278 1504 1535 7126 8804 5655 3337 8525 8098 6116 3946 486 3197 5432 2099 7917
35 8019 9145 8315 3496 3937 9227 3610 8005 1610 4375 4914 7958 6187 492 4614 8867 2568 2754 100 244 7357 608 1335 5891 8354 6477 4176 9208 6823 5970 4791 6149 2386 224 2630
29 6340 1377 4803 6864 8052 3295 9027 7974 6622 4315 74 199 310 6763 6386 1774 407 1733 3223 2377 2575 695 6499 8024 8768 9799 8465 5987 5517
28 7329 1113 4808 9096 8791 6978 3887 6584 619 7036 4782 7767 8899 2171 1905 8761 7725 5648 4043 5688 398 4150 730 3354 1705 2681 5823 5723
30 8450 9111 1816 6275 221 1760 8572 3587 3724 6523 3565 8499 4011 4943 1488 3837 1341 4085 7578 3822 4675 8408 4000 7799 9335 8058 2626 860 2737 7492
27 3179 1051 3682 1863 2767 8924 5176 2373 2412 9010 9261 8279 210 2888 5806 2492 2684 6777 774 5034 2827 7506 8785 3133 6858 9579 1445
29 2870 5535 6623 6445 3455 7061 7467 5596 7541 901 420 6690 140 4546 6406 8550 8990 2362 944 727 8181 5264 5172 4296 898 8852 2810 4037 5033
34 5679 4473 5134 6493 4976 6000 8178 5390 6615 9203 871 9889 615 567 6220 8534 324 1623 285 4842 913 827 6391 7092 2025 9661 7505 8203 6431 9759 5836 419 6216 9741
25 3883 3575 2526 6925 9989 9056 8628 9434 2576 4312 4404 4849 8126 8127 2197 1454 1281 4961 251 4561 6074 7850 4256 6038 1651
33 4246 9756 9787 3598 1855 9165 3049 9955 8285 3715 5802 8677 4990 9072 3975 3124 1636 9876 8029 4781 488 5283 3206 9879 9657 5120 7396 891 7841 362 4364 6121 722
24 671 6152 5952 8513 9811 1421 3225 4358 4545 7024 4064 8814 6175 7200 2714 494 6288 847 4513 1159 4449 8002 3959 8077
30 2890 5310 3139 9520 2519 9391 7259 9314 7401 9482 7906 7753 6927 4952 5579 812 5385 2453 7314 6604 5421 7814 8405 2773 8748 754 7868 4105 4418 7775
32 1711 102 7662 2156 6245 6168 5895 1024 5542 1414 5170 1299 1657 383 5822 2629 9983 4402 4160 9421 3897 388 4240 6518 4429 5250 6679 5221 1005 6619 2926 4708
37 42 7539 726 9166 9202 5545 69 2940 5680 6681 3411 3755 2608 5125 9272 5784 9939 3984 7664 5904 83 1206 8384 6836 1517 1673 7803 9140 1781 3089 246 5814 942 3424 9886 3779 9003
30 1109 9925 1285 1964 5574 3380 8766 784 5862 7931 8493 1545 8536 3456 1054 2475 5662 4555 5081 6905 7657 5019 1328 8192 6022 9582 6397 2487 1739 9188
28 666 4144 5658 9937 2236 6322 6125 2313 5253 6097 7610 7706 5279 510 916 8639 6565 6045 8280 1617 5180 9508 2694 5017 5337 9277 2441 1911
36 2672 6021 27 3533 1556 2971 8327 2752 7721 5 8954 9546 134 943 8593 4281 1920 6114 5015 1401 920 8242 6977 8319 4572 8056 5469 6019 8059 6101 8187 4526 7422 3555 9827 7502
24 7871 7335 171 8239 1683 3392 6471 777 8675 9659 3890 4836 7027 1190 3007 7634 8704 7599 8091 7818 5719 9444 5897 5562
25 2711 5939 9251 6463 7060 3844 2135 768 2247 7580 1799 8347 9833 805 6156 5943 4737 9295 500 1803 4211 5363 4336 3112 2518
25 9740 2482 8950 1562 3716 9477 0 3500 594 7059 3010 3461 2369 1353 9355 3129 3567 8757 481 3371 9920 8230 772 3447 2721
25 820 6770 1531 8566 6620 3266 4278 5023 9750 7557 1453 1664 5268 3499 3043 2022 7624 9944 201 6514 6490 8935 9563 5276 9607
31 9053 4398 474 3076 3235 8850 5564 9755 9533 9415 2176 3545 9973 59 872 9952 1642 6272 8436 4902 1848 3880 4253 6923 7862 9318 4746 3588 5459 5844 537
24 9194 9718 1364 6857 6102 5916 3340 8967 6849 7589 4538 8999 5745 7669 5364 8326 2751 7683 6201 2498 1295 9358 5513 9802
21 4189 6754 2715 1465 15 1904 8553 7045 5403 5913 2900 8938 2617 8780 3657 3971 4648 5651 3093 6745 7741
28 6888 4996 3383 9039 4311 2578 80 7869 8316 7330 1360 6378 639 9046 7964 6775 7548 1274 1500 2115 8306 7121 6308 3279 5779 4963 2587 3021
30 1387 1062 9942 2813 1152 4639 6379 7203 2154 9310 4799 356 3254 7305 9127 4316 4212 5974 7346 693 169 8942 9681 5652 7366 4333 2134 6179 8009 5666
26 4469 2414 3099 8540 421 484 3520 8623 8832 5441 1114 903 6009 8321 1743 4778 6831 9493 4709 4038 105 9112 8695 3008 1508 6091
27 7704 1210 3036 2027 3465 3130 1444 3981 2428 2225 2226 2130 8087 6964 8817 7971 1381 7659 4848 7289 3157 6704 8585 5915 6810 9307 7649
26 6599 3236 7222 4773 5917 3312 5333 8266 6105 6427 8737 2748 7462 9664 8659 9287 1914 505 9345 28 2376 8823 2828 9452 282 9914
33 8890 1644 1750 7347 5157 3513 4325 2722 8013 6976 4284 8752 5367 4748 6414 5746 9066 8960 5340 9867 9730 6505 5605 4445 8881 3910 3196 8846 7107 6988 8240 969 63
36 5500 1788 7382 9804 7230 7084 6374 6351 2747 6444 5693 5796 5223 8848 1777 5071 933 5108 5874 8482 8124 5357 5415 1480 2580 9521 151 6825 2987 856 3161 8574 1738 4594 9418 2338
31 3353 598 2012 4788 7356 2707 6872 8191 5768 5024 4599 5808 5214 9400 8599 6492 4843 7438 8217 1201 1077 9744 8955 3710 6012 937 8374 4585 1235 7049 4659
27 9742 5671 7526 5739 3882 4079 7597 1519 4792 1269 8988 67 3446 7199 4328 2806 2299 2344 72 6555 351 2374 1869 7152 448 7936 6511
35 2586 7047 90 528 7031 6778 502 6910 4933 3242 33 4472 5496 6630 6268 6697 6069 7328 7387 39 9763 7130 6362 6223 2245 507 1955 9614 5165 4073 2002 6986 3111 5953 5227
35 4467 9692 7511 5583 1712 4415 4926 9462 6658 9457 720 5045 3546 2397 1742 6510 412 9694 1830 5114 5924 7737 7040 7832 9644 1902 8382 543 8308 7411 2311 6266 6496 2481 9600
39 9014 7426 6424 6475 3855 3867 6410 3992 6556 4298 5759 117 4524 888 2071 8477 1242 3686 4723 9959 5270 8095 7758 4814 8034 4143 1656 853 6886 9950 7360 77 8981 8317 5317 2532 6061 6480 3375
23 9215 3333 130 2304 4573 5860 3090 3326 9619 22 2835 4679 1435 6224 8826 6451 4955 2047 9671 5708 2816 9193 731
36 7080 9435 6497 1247 4754 68 5794 460 2756 779 7408 7117 8001 6296 4110 5514 4062 4021 4823 6951 673 9047 2292 8571 3244 5494 2641 7904 9775 7220 6907 7164 4775 4771 7134 2611
34 1959 6190 1191 8207 3762 6766 6452 8036 6550 290 5856 6914 6651 636 4430 143 5230 7012 8422 7779 3287 6851 3073 5295 3602 4162 9239 6984 7594 9903 1479 2703 869 2804
21 701 6816 8897 532 2116 9466 1261 7809 9595 183 7155 3013 3805 4330 5094 4409 8393 1714 2938 9869 1851
27 7851 9933 9019 9130 3306 1131 7359 5875 8423 3320 5420 1389 6693 5820 984 2949 2034 146 9374 4267 1277 6688 1958 5667 8105 6952 6441
27 2652 9257 3476 7020 6419 739 1897 597 1423 3925 2262 4167 9325 1536 8196 9262 17 7495 8459 2958 9205 2545 638 6332 5418 7010 4087
31 5634 8786 436 9498 8717 8751 8471 2301 4015 1797 7830 4602 5093 305 8630 2484 4609 9528 6691 3428 4928 4220 9610 3994 3498 88 5615 2095 1551 212 7527
28 6956 5903 3618 8906 2430 2815 4093 1340 3489 8476 5322 1189 1215 4290 2080 4226 5590 5199 524 4719 7571 8010 6560 5657 197 3472 1212 6017
25 2765 9887 275 7380 5566 9537 5925 6218 4264 9412 3548 1701 5220 3068 9553 5141 2865 3493 4411 9774 2544 4512 7996 6730 7368
27 6440 3169 4660 8778 2769 6234 5668 2775 4553 9394 9133 8182 4684 7423 8437 6674 331 4129 6617 3085 9199 8809 6661 8742 5032 2716 126
28 9960 6720 3772 477 8530 9625 2057 851 2908 2334 8620 7916 4457 5803 680 2237 2312 6689 9009 364 2454 749 5466 8895 9687 2634 3071 3232
16 6430 7735 4636 5512 7761 1988 337 3063 6594 8333 9717 5098 9142 7463 3024 9510
27 8172 3815 3505 8170 3701 34 9286 7087 5435 4356 7755 4489 5073 729 3963 8355 8401 5239 8720 4202 8271 5792 9253 5526 2904 6633 7903
21 1035 1330 3302 4214 5416 9147 2868 5192 7531 3400 4125 8707 591 4876 3749 7139 5234 1361 8880 371 519
20 931 9773 4252 6990 6744 1194 8562 8857 5124 4379 7962 3477 255 1649 7819 5933 7705 621 378 3148
29 7576 1040 4099 6889 2141 3122 9235 9267 8993 2355 4470 9776 646 6937 1026 7530 3591 4971 2588 8104 5184 3943 5725 1404 427 2501 4346 4058 2985
28 4052 4980 288 2145 9139 9831 9121 6369 3427 3429 1526 2547 4293 2730 2114 1963 8140 1173 6739 8921 6336 3261 4451 9846 1755 9377 3668 8011
24 4115 1204 3210 1932 9035 6238 7007 8807 7035 7238 2387 2821 7410 8429 5060 9603 8929 4505 8112 7517 4646 205 7214 6898
28 4077 7707 3671 1604 7286 6779 3479 1411 6750 2832 353 5827 5790 5040 4706 7479 6020 3017 5620 7600 5225 2302 3727 8305 6722 120 7654 2936
35 2854 8267 3075 4794 9951 9966 1236 5163 1888 7131 2314 5720 522 8796 3723 2508 938 1886 2087 268 7762 1619 6247 8030 1162 9605 5824 4979 5101 1975 4197 5002 511 4171 2451
30 4760 846 5153 3331 9936 9675 7316 9338 4100 1436 6945 32 3220 7558 6653 6476 8671 5602 8457 880 6289 1718 1716 6867 1634 1540 2467 7652 1648 5453
25 8546 9957 6600 4400 4391 3733 489 9456 8518 4004 6715 753 5291 5818 2882 2372 1403 5399 8692 3964 1687 9025 5635 6014 2103
31 6543 9336 7014 5472 1520 1267 9268 4858 4313 1009 6999 8939 2235 7258 5072 4317 1416 3102 5631 2113 8674 104 7716 1569 707 2486 7169 2089 7551 415 6173
36 8544 3877 8039 2146 2864 7516 7572 4116 8488 7278 1676 5687 7824 4295 3488 4986 4258 982 595 4498 5799 6789 8662 7685 8163 5025 4462 1110 2437 1538 455 5391 6506 7165 6413 5738
31 5588 1048 2636 5837 314 7183 5116 9627 3033 1998 141 4194 3166 4443 9655 7884 1171 6048 733 3824 9706 2112 5099 8856 8301 2491 1798 4811 7029 5042 7162
28 1134 1999 4170 6664 7191 8063 4123 8798 8968 8646 2233 8486 6033 4132 6298 7075 7943 2742 3900 1953 8065 1279 3993 4699 1697 9968 9697 6576
21 9820 5156 1588 2782 9585 7651 4652 5304 7596 2705 1662 2300 9513 2447 875 9269 441 4615 3962 9100 6625
28 5876 6425 1670 8624 8074 9761 5224 2096 4044 313 1744 5839 4371 7556 2898 3307 9722 2363 661 814 8554 9642 3979 2123 3468 7362 6806 1993
26 8669 8183 9743 350 7790 4001 4465 204 1980 2763 3982 5442 8989 428 8329 5716 7218 354 9473 3600 9557 6916 1288 2829 8879 3082
39 2378 3181 9243 4338 2244 4186 7232 5117 4530 7349 9565 7960 7768 1725 3018 8680 6954 4601 1936 4072 6170 9560 7365 6343 9465 759 8537 6900 3624 9402 723 4210 4783 1874 7601 6002 4956 7908 7774
25 1808 7566 5241 8017 5448 5945 5369 3035 1630 8616 1126 6719 7104 6940 2910 241 8570 3115 7145 770 8774 7322 4111 1864 5065
27 6507 4632 3177 7603 5797 5654 970 2346 4273 926 4521 391 9835 9278 6811 7005 7882 9931 3684 3927 6512 5464 5750 4359 8433 5398 2668
29 2823 736 1976 8885 9884 2640 3186 73 319 2774 9943 2337 2937 6820 7032 3286 8020 7321 9998 776 5871 7547 4320 8712 2537 6495 1079 2155 4539
39 558 4088 9899 9907 8966 5210 3362 2891 4401 9793 7939 2153 2066 781 9334 6841 2889 7353 1581 2974 1043 4663 1945 6834 5892 7451 2934 4324 9602 2392 9948 8836 6569 2976 6784 616 2329 953 411
18 7343 4529 402 8532 301 1698 7509 9091 1530 2741 222 5061 9516 9927 3101 8932 1690 1921
29 5062 6980 330 9635 2365 3264 8651 7078 465 8055 5951 3191 8813 1919 5427 4157 8158 5493 2988 179 4651 4912 9198 1811 9962 9698 574 8392 6787
25 6229 2191 8286 3391 9322 8634 3480 7419 600 1056 6721 9196 8082 5625 2605 3459 9713 4196 6833 8228 2516 1559 7655 447 1154
20 6885 1492 3104 4091 5302 9464 7831 9070 9896 1432 1570 6281 9539 641 4412 9030 1399 4419 2623 9784
37 8995 2851 724 1125 1956 4318 3950 4715 338 3118 899 9467 4025 3743 8260 7645 2877 345 2817 214 8295 6877 9017 1624 6967 4187 1291 454 9479 3691 8811 9572 3274 4981 3474 5988 5638
31 9581 5557 5492 3044 2140 5263 5940 5308 571 2359 8746 9975 6738 3110 2188 9923 7515 3594 4924 5778 7182 8014 7520 5408 7542 7991 6901 951 6542 7608 3159
25 2417 2550 1425 3460 7552 1675 1217 6794 9485 9491 3784 3356 387 133 5306 3677 8190 2564 8684 3823 7524 5231 2706 3226 9505
22 6781 7313 4634 1568 2517 4248 1659 8050 1917 5303 5791 4382 4578 8276 7733 8702 6734 9401 8157 8427 464 5009
23 9888 8085 6671 665 2906 3405 304 738 35 2838 3544 9808 2961 7703 2280 5578 9110 7701 3776 8818 4584 2104 1727
37 2198 5944 3126 3524 1505 3151 5177 5772 7142 4864 1647 642 4869 8552 4873 8378 914 2837 7310 7763 2315 7500 6850 5252 2307 3569 1252 6558 668 7920 783 6797 3909 8792 1350 1778 6491
26 552 7969 4219 5901 3619 8263 363 203 1861 4565 116 6882 3674 2798 2419 6417 2366 5788 9550 9859 752 7090 172 4437 1255 6942
29 2863 3016 6950 2713 854 961 3410 289 3741 760 6574 4918 3180 6448 3344 2187 1383 3869 1 3419 3676 1086 6260 6533 1939 6068 2789 6513 7260
38 9106 4974 773 534 5555 7173 9273 7668 1521 1525 2562 472 5068 1694 2100 7776 5096 1564 3273 2643 5869 2589 8426 7088 7171 8578 2951 6758 905 3915 1930 4008 501 2902 3840 9431 2659 531
27 2182 2993 9360 1130 5197 896 1398 7086 5744 8293 393 1541 3803 2541 6919 8460 8783 409 7942 2859 3894 2639 8703 1992 3002 4682 5685
28 766 8592 5829 443 9241 3647 5401 7450 5828 5200 4825 8915 57 7587 6963 6962 6725 8367 9875 6501 8690 7019 5359 4664 8522 1981 3653 3767
25 5835 6785 7918 328 2 3845 4629 6167 4745 243 3215 2083 620 6696 8908 6104 7273 8173 6694 9450 2383 2731 9912 4827 8167
29 4611 3216 3247 457 2293 4053 1300 9842 8284 8507 5332 225 3393 2560 5075 1856 1225 4482 3408 1164 5656 8209 8084 1728 581 3645 8216 9163 3048
30 8595 1862 5553 6150 2965 4983 8108 3997 9182 4117 6562 565 8211 8655 2967 6398 2970 379 325 478 6958 9597 4604 8138 2896 2214 843 6094 1397 2107
29 9141 9764 6765 2506 7742 1349 2260 9228 4919 4045 1606 4750 5187 1645 370 6054 2787 1814 3294 9468 1878 5665 6818 5549 5215 5372 9580 9527 9895
23 2995 2048 2912 9308 1671 545 9677 71 3695 5606 1145 4414 9530 6469 7198 2356 5158 3450 4407 9829 4977 9770 3810
30 4804 3384 7798 9816 3557 706 7513 6409 1692 7190 292 8844 1319 4376 4930 125 1511 6204 1510 6700 7565 3070 8188 1686 1181 4798 2779 3057 2585 7899
36 4474 8297 1066 1037 6655 2570 5598 9540 3091 3669 8673 4385 6585 4147 6829 9344 4477 8713 5627 4051 4492 471 5554 1850 6270 3967 2880 1513 3338 708 2199 4613 9124 6311 390 8070
43 8184 7695 8829 462 919 6859 308 7866 9078 7675 3654 3850 3144 373 4204 6773 2033 1280 6174 2082 6946 2333 1213 1394 1859 1497 4108 149 4959 5261 7807 9148 196 9586 4954 7089 2616 9723 9463 5609 8298 2925 7474
24 8561 5511 5815 7295 1758 8040 4272 8878 3889 8475 669 1047 3790 7428 7067 6549 5321 1200 1646 983 9342 2618 262 2067
26 5097 8406 7946 182 5195 227 1907 6027 9660 9854 3683 9317 9411 5135 1853 2695 4509 5884 7210 9783 2490 1669 3237 4571 6435 7187
30 3187 5645 2874 9236 5237 4622 4567 6676 380 1167 5274 4562 9270 1307 5169 8142 3978 5982 2271 5636 2628 614 3351 1449 892 5559 6052 8830 5208 7417
28 2139 45 5069 1282 4183 7296 2499 1020 4888 9545 1168 4988 9256 5479 112 2111 1591 9897 2676 9656 2035 1041 8485 6355 8520 3540 9544 7722
20 9447 4217 8609 8828 1555 8889 8294 8352 7888 1578 3861 267 2162 6917 5776 8241 1316 8743 5674 8629
29 5371 1312 747 8130 6292 6985 8834 3182 7815 9921 1516 4130 1045 376 2739 475 8926 4693 5487 6759 1400 4972 8580 7627 1107 113 3868 9941 6422
26 8854 7782 4753 2163 9460 7689 4824 2415 3176 2595 3863 9116 7033 1736 9427 1806 4159 4041 7562 7583 2667 9353 7616 5849 9255 233
20 8977 7679 7176 3847 5351 1243 4231 6309 2179 5413 1557 7785 838 2256 7808 7710 3969 3843 1447 3374
23 9340 8502 910 6482 3659 7028 4642 7163 2725 7525 4985 8686 5104 1866 6307 5853 5338 7446 9638 2261 65 9847 8314
33 8849 3492 698 9695 4757 5476 8431 8910 4903 5863 5670 6764 2310 2624 9737 8047 2986 7344 4351 9283 2125 5737 1502 2726 9337 1087 5521 2427 7789 3664 2957 849 5885
41 8745 5313 7607 8727 6902 2433 4205 6162 3185 3802 1028 2286 5382 8122 7816 4533 778 5611 7300 6998 6438 6629 6607 9209 5741 8758 4453 5927 3714 2665 1748 4142 4554 7211 3564 6981 1287 6360 2848 1655 7843
22 1831 256 5349 9984 7867 9974 9825 7464 5637 4083 4334 3398 7989 8446 2246 7398 206 6659 7052 5515 4020 5805
30 493 1359 6597 8958 2644 3854 2687 3195 6547 5861 9870 4262 4028 7076 2935 3846 3121 1796 8864 9297 9922 7732 7051 6568 5702 6325 6377 4556 7215 7207
25 3766 4671 8324 4386 8072 813 7910 8831 8463 6535 7062 4856 1688 1899 1069 7242 5752 3113 9938 7140 2503 9285 6415 5644 592
33 8858 2000 7638 6970 8549 1689 4673 2322 9499 4898 3791 1046 6253 1968 8341 5775 7898 4033 3004 4704 4261 8626 7635 7646 6383 5232 2991 7602 5582 3083 3570 8385 6207
25 3060 8299 6928 5696 9324 980 2513 1915 8035 7846 1103 844 4368 2621 8102 2438 7687 7512 5981 1633 4287 7858 852 7008 2367
25 1572 4071 4852 138 2332 5537 8261 3707 7719 1548 8335 9280 9290 1977 4406 4653 5977 5047 1157 579 2196 4580 6762 1184 6537
31 6428 3491 9211 377 4949 1715 9795 6186 4641 2474 5404 2825 4092 6993 3502 3470 6120 1757 6803 786 9225 2476 2579 6631 5996 2393 2959 491 4707 2809 3107
24 1143 7569 7957 4942 6099 3243 5407 546 8862 4835 8255 2581 2757 7514 3549 3566 2871 6458 3966 4234 4463 8542 8619 3227
37 1846 1462 2746 2339 9504 365 9990 4190 841 4630 8912 6037 5397 4201 4687 5191 6380 8982 887 5038 2460 3245 4206 6080 7339 3627 9789 3848 6838 6408 1800 3859 2776 2189 5050 2620 7747
27 7132 61 5460 3238 1042 4950 1707 2542 1081 2960 1971 9274 3313 5314 4504 861 7953 4756 2290 4244 3666 3445 6004 617 2041 977 2980
23 2717 9180 2401 7375 1804 794 5074 2760 9309 2416 8038 7077 2800 8109 2869 1439 967 1663 6751 119 3422 1185 6202
25 5604 3856 1740 7915 2744 6436 4413 9818 4776 4177 1783 2287 5174 613 884 7168 4357 3538 7895 9637 2285 4947 4461 7593 7568
31 1060 4797 2399 6407 4355 7392 2470 7709 2028 2325 609 9135 6684 863 3003 9197 5594 1495 5614 1941 9626 3222 2831 7 1703 4558 7469 1966 6799 1484 5410
34 9440 8121 5771 9747 9669 8613 6073 3164 1592 4621 9183 4387 1174 4452 7561 4444 4396 8917 452 3484 8505 7620 8185 6134 8373 744 9265 8428 6489 7897 6053 4337 7223 7234
30 3720 9913 416 1807 7581 1275 7449 7323 9384 8714 6481 8594 5556 4454 5168 8089 3795 2316 8148 1451 7823 8379 176 401 7454 6733 2046 2268 9555 1868
28 3511 286 6992 5997 1700 3283 3332 311 1326 2735 2011 3603 4515 5428 2010 6365 6350 9507 8498 2733 5607 5753 4265 8146 1486 4895 8307 9577
28 9321 2648 7439 5721 1779 8503 3278 1944 5175 9871 5352 5063 4423 6621 64 8491 7070 4899 3221 1989 8962 3510 7810 5618 4881 8964 7460 7364
34 1764 9446 8545 596 8969 6005 8575 1639 4795 9439 9994 8262 4055 1118 1259 683 5761 8610 1819 9503 2072 4255 8747 4061 8559 5344 8218 3092 1464 8487 3958 5928 9556 1627
32 6330 6640 2472 7158 541 9745 2001 7727 9012 8721 1661 3061 5540 3662 3409 5643 8133 5957 7231 4649 7507 5979 8069 7224 8647 3995 8770 4877 6821 764 2678 973
31 4182 8220 8404 159 2212 7383 208 9242 2609 1151 670 5311 1003 1085 6486 7532 6892 4893 7591 162 2160 828 1112 4468 7128 9170 2093 4237 4540 4875 7796
37 2098 2368 1666 2440 5959 6669 626 7793 4966 6563 4084 2738 3912 7038 6606 1986 5592 7108 1867 3174 8605 5600 4090 3672 9810 5037 6110 4301 4725 8064 6536 9433 932 8363 4297 166 9152
30 3233 8657 8434 676 2021 1306 7660 9084 6473 9634 3402 7039 1402 2939 1832 8975 4656 6953 6058 46 3012 7821 6067 4681 8685 2964 103 496 9837 2497
22 3660 1579 6610 9223 2266 1219 1749 4728 5198 1494 4276 7265 1571 6487 315 284 1378 6717 3289 3758 2444 5690
28 1813 7979 4828 7379 2194 925 4460 1754 7056 9739 1262 3132 3700 7586 5505 1537 7676 8449 296 1443 9620 3084 9535 8959 7178 3059 6088 5193
26 7318 7639 9190 3114 8812 530 5570 7468 1207 7336 2255 3134 2014 7298 7948 9312 2364 8868 7573 8795 8789 9064 5021 9782 2661 8670
35 7427 5467 3339 273 9621 229 1575 5783 4251 8541 7483 9006 6084 323 9690 7560 3879 1352 2615 7893 4838 7999 2229 1338 5004 6342 1782 4270 7647 1227 9613 396 5681 7534 2423
27 3592 8118 5129 8699 1124 238 8937 4134 2120 6367 1459 1029 3941 6418 1469 8773 1346 9981 5111 1334 2159 5011 7618 4688 509 2215 2507
31 5954 1574 8128 1373 3528 7489 6793 9798 3086 790 4374 8296 3563 2610 6098 1147 7025 9800 4280 6323 6991 6760 2192 9532 1090 2978 6534 9667 5536 2834 6301
35 7397 6461 6595 540 9095 2394 1055 435 6300 6472 6364 5384 9087 527 8455 9906 855 2404 1892 9598 8051 1224 1741 801 1625 8563 4786 1031 7197 8244 3906 4380 8387 4871 8395
27 5325 3679 4887 1229 930 7239 5580 3644 4889 1317 2931 1158 259 628 8597 803 7433 6107 4816 3577 2250 5275 3168 451 1678 6189 9841
24 681 8407 8724 3968 804 816 9288 6200 2557 16 6295 1427 2946 2923 9490 6063 5804 9609 9673 3301 9174 7041 3029 1183
21 5798 1466 3025 8711 4694 1203 2052 8558 9007 1034 9845 866 303 6528 7504 542 9167 7440 857 2360 124
23 7279 375 1257 7621 7878 3780 5878 7105 4440 6352 3321 7114 8348 7844 8031 4970 9409 3046 160 1019 3066 9767 8151
28 1141 1187 2351 656 6003 4436 9079 7723 4307 1547 6286 9531 6711 2055 1933 6338 7778 7550 3358 9305 9004 2282 9069 7119 4367 7966 711 7756
26 2603 9670 1826 4759 3832 2803 6155 593 81 2794 4370 5480 7983 361 1122 4059 5617 9911 5902 4762 7470 3403 4747 5211 3143 2436
30 9791 1590 879 3851 971 996 4446 5976 9093 257 3379 3507 6354 4906 7860 4213 4277 1894 5095 3895 1195 4911 97 1273 8524 4731 4233 423 8323 5091
31 1925 8654 7402 9506 5112 6790 9915 8681 5883 2531 9425 6567 4363 8689 6800 1233 3020 9249 9651 7150 6291 633 193 2407 6526 9396 8340 6645 5558 2901 277
23 7136 7245 5185 6092 9632 7361 4758 1679 7390 2078 9910 8231 9043 440 536 8331 3617 2619 6548 4485 5527 3074 8479
29 7418 7633 9200 1704 6973 1250 1593 8920 1620 7835 4153 8345 9844 2485 8269 7079 7208 2023 3999 4850 6248 6153 480 4026 6650 9724 5204 7907 75
27 78 4458 8841 979 6255 7896 1121 8627 3989 8245 1460 8189 2780 2004 1879 2549 6545 6119 9156 5186 4389 1903 1901 6158 3542 1010 1270
18 1599 5147 4951 2186 158 5850 8483 2903 9292 8403 122 7452 8533 9863 5950 9615 1791 9700
38 2772 9822 4768 6891 6791 8364 5400 4009 678 2024 6616 3281 3745 4885 4289 5119 8131 3670 7429 1382 650 6494 2128 1284 1388 9132 6852 9022 7717 9766 1815 8018 9788 3808 7947 7540 7326 647
26 8472 8277 6221 743 6470 2207 3158 54 359 4136 3303 2500 6044 7167 2379 4023 5697 5858 1987 346 7905 3729 737 4490 7604 6055
29 7421 5462 108 4802 4535 1597 3367 2914 5423 1138 5228 4550 6312 4158 8369 584 403 3271 4365 4434 5242 1763 7585 3023 4624 1786 6503 2749 9347
33 175 7995 5370 3171 2297 8400 40 1283 7369 249 4074 4098 5265 5122 7919 7146 8489 6502 9424 263 2181 4372 8608 7640 6346 1129 5217 5873 8622 3998 2431 9015 6172
32 7794 8366 232 7538 1322 3830 1127 8318 9529 6586 1395 2389 8883 3343 4310 4299 8495 8291 1246 6685 4806 4427 3214 1474 7738 8068 3328 9349 3554 9138 7456 4361
28 839 8166 6474 7442 6874 8581 5760 5838 7304 8944 4732 1166 8222 6997 4344 5290 1489 3034 1885 2893 2872 6083 6193 7254 11 8100 7772 7414
29 1415 2607 9727 9366 417 7864 9382 9115 6710 2797 7377 7813 1216 1823 4987 6381 6243 9313 9086 3689 114 4403 2284 5286 7523 253 453 2249 5320
34 3183 6227 612 1691 1468 2241 1407 5612 6421 5079 5661 6178 7247 3622 7308 3828 539 2982 3939 211 9405 7189 7476 6199 807 7956 9519 6122 5888 293 692 3014 9023 9018
29 5254 9492 4068 9797 3680 2358 9777 4393 1787 4302 2391 7227 5146 4831 2826 6941 7792 1057 3125 9928 2127 3413 7389 1731 5575 5926 287 3957 3080
37 6423 7606 7494 3640 7744 2239 4126 7728 8726 5499 4809 7670 9979 9964 6809 512 1726 623 3525 7217 5841 6875 3976 8208 1075 3475 7535 4203 6602 8788 3527 7617 677 9991 24 8753 6614
